[debug] [2022-03-25T13:20:24.630Z] ----------------------------------------------------------------------
[debug] [2022-03-25T13:20:24.630Z] Command:       /Users/barbaramoahamed/.nvm/versions/node/v14.17.4/bin/node /Users/barbaramoahamed/.nvm/versions/node/v14.17.4/bin/firebase emulators:start
[debug] [2022-03-25T13:20:24.631Z] CLI Version:   10.4.2
[debug] [2022-03-25T13:20:24.631Z] Platform:      darwin
[debug] [2022-03-25T13:20:24.631Z] Node Version:  v14.17.4
[debug] [2022-03-25T13:20:24.631Z] Time:          Fri Mar 25 2022 15:20:24 GMT+0200 (Eastern European Standard Time)
[debug] [2022-03-25T13:20:24.631Z] ----------------------------------------------------------------------
[debug] 
[debug] [2022-03-25T13:20:24.658Z] > command requires scopes: ["email","openid","https://www.googleapis.com/auth/cloudplatformprojects.readonly","https://www.googleapis.com/auth/firebase","https://www.googleapis.com/auth/cloud-platform"]
[debug] [2022-03-25T13:20:24.658Z] > authorizing via signed-in user (bmoah001@gmail.com)
[info] i  emulators: Starting emulators: functions {"metadata":{"emulator":{"name":"hub"},"message":"Starting emulators: functions"}}
[debug] [2022-03-25T13:20:24.670Z] [hub] writing locator at /var/folders/01/4tg7620x26x0bct_sbxqscgh0000gn/T/hub-mobile-app-2e4bb.json
[warn] ⚠  functions: The following emulators are not running, calls to these services from the Functions emulator will affect production: auth, firestore, database, hosting, pubsub, storage {"metadata":{"emulator":{"name":"functions"},"message":"The following emulators are not running, calls to these services from the Functions emulator will affect production: \u001b[1mauth, firestore, database, hosting, pubsub, storage\u001b[22m"}}
[info] ✔  functions: Using node@14 from host. {"metadata":{"emulator":{"name":"functions"},"message":"Using node@14 from host."}}
[debug] [2022-03-25T13:20:24.678Z] defaultcredentials: writing to file /Users/barbaramoahamed/.config/firebase/bmoah001_gmail_com_application_default_credentials.json
[debug] [2022-03-25T13:20:24.680Z] Setting GAC to /Users/barbaramoahamed/.config/firebase/bmoah001_gmail_com_application_default_credentials.json {"metadata":{"emulator":{"name":"functions"},"message":"Setting GAC to /Users/barbaramoahamed/.config/firebase/bmoah001_gmail_com_application_default_credentials.json"}}
[debug] [2022-03-25T13:20:24.681Z] >>> [apiv2][query] GET https://firebase.googleapis.com/v1beta1/projects/mobile-app-2e4bb/adminSdkConfig [none]
[debug] [2022-03-25T13:20:25.314Z] <<< [apiv2][status] GET https://firebase.googleapis.com/v1beta1/projects/mobile-app-2e4bb/adminSdkConfig 200
[debug] [2022-03-25T13:20:25.314Z] <<< [apiv2][body] GET https://firebase.googleapis.com/v1beta1/projects/mobile-app-2e4bb/adminSdkConfig {"projectId":"mobile-app-2e4bb","storageBucket":"mobile-app-2e4bb.appspot.com"}
[warn] ⚠  ui: Emulator UI unable to start on port 4000, starting on 4001 instead. {"metadata":{"emulator":{"name":"ui"},"message":"Emulator UI unable to start on port 4000, starting on 4001 instead."}}
[debug] [2022-03-25T13:20:25.360Z] Ignoring unsupported arg: auto_download {"metadata":{"emulator":{"name":"ui"},"message":"Ignoring unsupported arg: auto_download"}}
[debug] [2022-03-25T13:20:25.360Z] Ignoring unsupported arg: port {"metadata":{"emulator":{"name":"ui"},"message":"Ignoring unsupported arg: port"}}
[debug] [2022-03-25T13:20:25.360Z] Starting Emulator UI with command {"binary":"node","args":["/Users/barbaramoahamed/.cache/firebase/emulators/ui-v1.6.5/server.bundle.js"],"optionalArgs":[],"joinArgs":false} {"metadata":{"emulator":{"name":"ui"},"message":"Starting Emulator UI with command {\"binary\":\"node\",\"args\":[\"/Users/barbaramoahamed/.cache/firebase/emulators/ui-v1.6.5/server.bundle.js\"],\"optionalArgs\":[],\"joinArgs\":false}"}}
[info] i  ui: Emulator UI logging to ui-debug.log {"metadata":{"emulator":{"name":"ui"},"message":"Emulator UI logging to \u001b[1mui-debug.log\u001b[22m"}}
[debug] [2022-03-25T13:20:25.440Z] Web / API server started at localhost:4001
 {"metadata":{"emulator":{"name":"ui"},"message":"Web / API server started at localhost:4001\n"}}
[info] i  functions: Watching "/Users/barbaramoahamed/Documents/repos/wolt/functions" for Cloud Functions... {"metadata":{"emulator":{"name":"functions"},"message":"Watching \"/Users/barbaramoahamed/Documents/repos/wolt/functions\" for Cloud Functions..."}}
[debug] [2022-03-25T13:20:25.634Z] Validating nodejs source
[debug] [2022-03-25T13:20:26.662Z] > [functions] package.json contents: {
  "name": "functions",
  "description": "Cloud Functions for Firebase",
  "scripts": {
    "serve": "firebase emulators:start --only functions",
    "shell": "firebase functions:shell",
    "start": "npm run shell",
    "deploy": "firebase deploy --only functions",
    "logs": "firebase functions:log"
  },
  "engines": {
    "node": "14"
  },
  "main": "index.js",
  "dependencies": {
    "firebase-admin": "^9.8.0",
    "firebase-functions": "^3.19.0"
  },
  "devDependencies": {
    "firebase-functions-test": "^0.2.0"
  },
  "private": true
}
[debug] [2022-03-25T13:20:26.663Z] Building nodejs source
[debug] [2022-03-25T13:20:26.663Z] Analyzing nodejs backend spec
[info] ✔  functions[us-central1-geocode]: http function initialized (http://localhost:5001/mobile-app-2e4bb/us-central1/geocode). {"metadata":{"emulator":{"name":"functions"},"message":"\u001b[1mhttp\u001b[22m function initialized (http://localhost:5001/mobile-app-2e4bb/us-central1/geocode)."}}
[info] ✔  functions[us-central1-placesNearby]: http function initialized (http://localhost:5001/mobile-app-2e4bb/us-central1/placesNearby). {"metadata":{"emulator":{"name":"functions"},"message":"\u001b[1mhttp\u001b[22m function initialized (http://localhost:5001/mobile-app-2e4bb/us-central1/placesNearby)."}}
[info] 
┌─────────────────────────────────────────────────────────────┐
│ ✔  All emulators ready! It is now safe to connect your app. │
│ i  View Emulator UI at http://localhost:4001                │
└─────────────────────────────────────────────────────────────┘

┌───────────┬────────────────┬─────────────────────────────────┐
│ Emulator  │ Host:Port      │ View in Emulator UI             │
├───────────┼────────────────┼─────────────────────────────────┤
│ Functions │ localhost:5001 │ http://localhost:4001/functions │
└───────────┴────────────────┴─────────────────────────────────┘
  Emulator Hub running at localhost:4400
  Other reserved ports: 4500

Issues? Report them at https://github.com/firebase/firebase-tools/issues and attach the *-debug.log files.
 
[debug] [2022-03-25T13:20:36.903Z] [work-queue] {"queueLength":1,"workRunningCount":0}
[debug] [2022-03-25T13:20:36.903Z] [work-queue] {"queueLength":0,"workRunningCount":1}
[debug] [2022-03-25T13:20:36.903Z] Accepted request GET /mobile-app-2e4bb/us-central1/geocode?city=chicago --> us-central1-geocode
[debug] [2022-03-25T13:20:36.912Z] [worker-pool] addWorker(us-central1-geocode) {"metadata":{"emulator":{"name":"functions"},"message":"[worker-pool] addWorker(us-central1-geocode)"}}
[debug] [2022-03-25T13:20:36.913Z] [worker-pool] Adding worker with key us-central1-geocode, total=1 {"metadata":{"emulator":{"name":"functions"},"message":"[worker-pool] Adding worker with key us-central1-geocode, total=1"}}
[debug] [2022-03-25T13:20:36.913Z] [worker-pool] submitWork(triggerId=us-central1-geocode) {"metadata":{"emulator":{"name":"functions"},"message":"[worker-pool] submitWork(triggerId=us-central1-geocode)"}}
[debug] [2022-03-25T13:20:36.914Z] [worker-us-central1-geocode-abfd8126-eb74-4711-a639-d97bb420148c]: Assigning socketPath: /var/folders/01/4tg7620x26x0bct_sbxqscgh0000gn/T/fire_emu_94751.sock {"metadata":{"emulator":{"name":"functions"},"message":"[worker-us-central1-geocode-abfd8126-eb74-4711-a639-d97bb420148c]: Assigning socketPath: /var/folders/01/4tg7620x26x0bct_sbxqscgh0000gn/T/fire_emu_94751.sock"}}
[debug] [2022-03-25T13:20:36.914Z] [worker-us-central1-geocode-abfd8126-eb74-4711-a639-d97bb420148c]: BUSY {"metadata":{"emulator":{"name":"functions"},"message":"[worker-us-central1-geocode-abfd8126-eb74-4711-a639-d97bb420148c]: BUSY"}}
[debug] [2022-03-25T13:20:37.282Z] [runtime-status] [94751] Functions runtime initialized. {"cwd":"/Users/barbaramoahamed/Documents/repos/wolt/functions","node_version":"14.17.4"} {"metadata":{"emulator":{"name":"functions"},"function":{"name":"us-central1-geocode"},"extension":{},"message":"[runtime-status] [94751] Functions runtime initialized. {\"cwd\":\"/Users/barbaramoahamed/Documents/repos/wolt/functions\",\"node_version\":\"14.17.4\"}"}}
[debug] [2022-03-25T13:20:37.283Z] [runtime-status] [94751] Disabled runtime features: undefined {"metadata":{"emulator":{"name":"functions"},"function":{"name":"us-central1-geocode"},"extension":{},"message":"[runtime-status] [94751] Disabled runtime features: undefined"}}
[debug] [2022-03-25T13:20:37.283Z] [runtime-status] [94751] Resolved module firebase-admin {"declared":true,"installed":true,"version":"10.0.2","resolution":"/Users/barbaramoahamed/Documents/repos/wolt/node_modules/firebase-admin/lib/index.js"} {"metadata":{"emulator":{"name":"functions"},"function":{"name":"us-central1-geocode"},"extension":{},"message":"[runtime-status] [94751] Resolved module firebase-admin {\"declared\":true,\"installed\":true,\"version\":\"10.0.2\",\"resolution\":\"/Users/barbaramoahamed/Documents/repos/wolt/node_modules/firebase-admin/lib/index.js\"}"}}
[debug] [2022-03-25T13:20:37.284Z] [runtime-status] [94751] Resolved module firebase-functions {"declared":true,"installed":true,"version":"3.19.0","resolution":"/Users/barbaramoahamed/Documents/repos/wolt/functions/node_modules/firebase-functions/lib/index.js"} {"metadata":{"emulator":{"name":"functions"},"function":{"name":"us-central1-geocode"},"extension":{},"message":"[runtime-status] [94751] Resolved module firebase-functions {\"declared\":true,\"installed\":true,\"version\":\"3.19.0\",\"resolution\":\"/Users/barbaramoahamed/Documents/repos/wolt/functions/node_modules/firebase-functions/lib/index.js\"}"}}
[debug] [2022-03-25T13:20:37.284Z] [runtime-status] [94751] Found local functions config: /Users/barbaramoahamed/Documents/repos/wolt/functions/.runtimeconfig.json {"metadata":{"emulator":{"name":"functions"},"function":{"name":"us-central1-geocode"},"extension":{},"message":"[runtime-status] [94751] Found local functions config: /Users/barbaramoahamed/Documents/repos/wolt/functions/.runtimeconfig.json"}}
[debug] [2022-03-25T13:20:37.284Z] [runtime-status] [94751] Outgoing network have been stubbed. [{"name":"http","status":"mocked"},{"name":"http","status":"mocked"},{"name":"https","status":"mocked"},{"name":"https","status":"mocked"},{"name":"net","status":"mocked"}] {"metadata":{"emulator":{"name":"functions"},"function":{"name":"us-central1-geocode"},"extension":{},"message":"[runtime-status] [94751] Outgoing network have been stubbed. [{\"name\":\"http\",\"status\":\"mocked\"},{\"name\":\"http\",\"status\":\"mocked\"},{\"name\":\"https\",\"status\":\"mocked\"},{\"name\":\"https\",\"status\":\"mocked\"},{\"name\":\"net\",\"status\":\"mocked\"}]"}}
[debug] [2022-03-25T13:20:37.284Z] [runtime-status] [94751] Resolved module firebase-functions {"declared":true,"installed":true,"version":"3.19.0","resolution":"/Users/barbaramoahamed/Documents/repos/wolt/functions/node_modules/firebase-functions/lib/index.js"} {"metadata":{"emulator":{"name":"functions"},"function":{"name":"us-central1-geocode"},"extension":{},"message":"[runtime-status] [94751] Resolved module firebase-functions {\"declared\":true,\"installed\":true,\"version\":\"3.19.0\",\"resolution\":\"/Users/barbaramoahamed/Documents/repos/wolt/functions/node_modules/firebase-functions/lib/index.js\"}"}}
[debug] [2022-03-25T13:20:37.300Z] [runtime-status] [94751] Checked functions.config() {"config":{"google":{"key":"AIzaSyBrZkx8c_q3ZjlLcA3vEwBvMcYci0ymt_4"}}} {"metadata":{"emulator":{"name":"functions"},"function":{"name":"us-central1-geocode"},"extension":{},"message":"[runtime-status] [94751] Checked functions.config() {\"config\":{\"google\":{\"key\":\"AIzaSyBrZkx8c_q3ZjlLcA3vEwBvMcYci0ymt_4\"}}}"}}
[debug] [2022-03-25T13:20:37.300Z] [runtime-status] [94751] firebase-functions has been stubbed. {"functionsResolution":{"declared":true,"installed":true,"version":"3.19.0","resolution":"/Users/barbaramoahamed/Documents/repos/wolt/functions/node_modules/firebase-functions/lib/index.js"}} {"metadata":{"emulator":{"name":"functions"},"function":{"name":"us-central1-geocode"},"extension":{},"message":"[runtime-status] [94751] firebase-functions has been stubbed. {\"functionsResolution\":{\"declared\":true,\"installed\":true,\"version\":\"3.19.0\",\"resolution\":\"/Users/barbaramoahamed/Documents/repos/wolt/functions/node_modules/firebase-functions/lib/index.js\"}}"}}
[debug] [2022-03-25T13:20:37.301Z] [runtime-status] [94751] Resolved module firebase-functions {"declared":true,"installed":true,"version":"3.19.0","resolution":"/Users/barbaramoahamed/Documents/repos/wolt/functions/node_modules/firebase-functions/lib/index.js"} {"metadata":{"emulator":{"name":"functions"},"function":{"name":"us-central1-geocode"},"extension":{},"message":"[runtime-status] [94751] Resolved module firebase-functions {\"declared\":true,\"installed\":true,\"version\":\"3.19.0\",\"resolution\":\"/Users/barbaramoahamed/Documents/repos/wolt/functions/node_modules/firebase-functions/lib/index.js\"}"}}
[debug] [2022-03-25T13:20:37.301Z] [runtime-status] [94751] Resolved module firebase-admin {"declared":true,"installed":true,"version":"10.0.2","resolution":"/Users/barbaramoahamed/Documents/repos/wolt/node_modules/firebase-admin/lib/index.js"} {"metadata":{"emulator":{"name":"functions"},"function":{"name":"us-central1-geocode"},"extension":{},"message":"[runtime-status] [94751] Resolved module firebase-admin {\"declared\":true,\"installed\":true,\"version\":\"10.0.2\",\"resolution\":\"/Users/barbaramoahamed/Documents/repos/wolt/node_modules/firebase-admin/lib/index.js\"}"}}
[debug] [2022-03-25T13:20:37.301Z] [runtime-status] [94751] Resolved module firebase-functions {"declared":true,"installed":true,"version":"3.19.0","resolution":"/Users/barbaramoahamed/Documents/repos/wolt/functions/node_modules/firebase-functions/lib/index.js"} {"metadata":{"emulator":{"name":"functions"},"function":{"name":"us-central1-geocode"},"extension":{},"message":"[runtime-status] [94751] Resolved module firebase-functions {\"declared\":true,\"installed\":true,\"version\":\"3.19.0\",\"resolution\":\"/Users/barbaramoahamed/Documents/repos/wolt/functions/node_modules/firebase-functions/lib/index.js\"}"}}
[debug] [2022-03-25T13:20:37.301Z] [runtime-status] [94751] firebase-admin has been stubbed. {"adminResolution":{"declared":true,"installed":true,"version":"10.0.2","resolution":"/Users/barbaramoahamed/Documents/repos/wolt/node_modules/firebase-admin/lib/index.js"}} {"metadata":{"emulator":{"name":"functions"},"function":{"name":"us-central1-geocode"},"extension":{},"message":"[runtime-status] [94751] firebase-admin has been stubbed. {\"adminResolution\":{\"declared\":true,\"installed\":true,\"version\":\"10.0.2\",\"resolution\":\"/Users/barbaramoahamed/Documents/repos/wolt/node_modules/firebase-admin/lib/index.js\"}}"}}
[debug] [2022-03-25T13:20:37.325Z] [runtime-status] [94751] Beginning invocation function geocode! {"metadata":{"emulator":{"name":"functions"},"function":{"name":"us-central1-geocode"},"extension":{},"message":"[runtime-status] [94751] Beginning invocation function geocode!"}}
[info] i  functions: Beginning execution of "geocode" {"metadata":{"emulator":{"name":"functions"},"function":{"name":"us-central1-geocode"},"extension":{},"message":"Beginning execution of \"geocode\""}}
[debug] [2022-03-25T13:20:37.326Z] [runtime-status] [94751] Running geocode in signature http {"metadata":{"emulator":{"name":"functions"},"function":{"name":"us-central1-geocode"},"extension":{},"message":"[runtime-status] [94751] Running geocode in signature http"}}
[debug] [2022-03-25T13:20:37.327Z] [runtime-status] [94751] Attempting to listen to socketPath: /var/folders/01/4tg7620x26x0bct_sbxqscgh0000gn/T/fire_emu_94751.sock {"metadata":{"emulator":{"name":"functions"},"function":{"name":"us-central1-geocode"},"extension":{},"message":"[runtime-status] [94751] Attempting to listen to socketPath: /var/folders/01/4tg7620x26x0bct_sbxqscgh0000gn/T/fire_emu_94751.sock"}}
[debug] [2022-03-25T13:20:37.329Z] [functions] Runtime ready! Sending request! {"metadata":{"emulator":{"name":"functions"},"message":"[functions] Runtime ready! Sending request!"}}
[debug] [2022-03-25T13:20:37.329Z] [functions] Got req.url=/mobile-app-2e4bb/us-central1/geocode?city=chicago, mapping to path=/?city=chicago {"metadata":{"emulator":{"name":"functions"},"message":"[functions] Got req.url=/mobile-app-2e4bb/us-central1/geocode?city=chicago, mapping to path=/?city=chicago"}}
[debug] [2022-03-25T13:20:37.331Z] [runtime-status] [94751] Ephemeral server handling GET request {"metadata":{"emulator":{"name":"functions"},"function":{"name":"us-central1-geocode"},"extension":{},"message":"[runtime-status] [94751] Ephemeral server handling GET request"}}
[debug] [2022-03-25T13:20:37.333Z] [runtime-status] [94751] Ephemeral server survived. {"metadata":{"emulator":{"name":"functions"},"function":{"name":"us-central1-geocode"},"extension":{},"message":"[runtime-status] [94751] Ephemeral server survived."}}
[info] i  functions: Finished "geocode" in ~1s {"metadata":{"emulator":{"name":"functions"},"function":{"name":"us-central1-geocode"},"extension":{},"message":"Finished \"geocode\" in ~1s"}}
[debug] [2022-03-25T13:20:37.334Z] [worker-us-central1-geocode-abfd8126-eb74-4711-a639-d97bb420148c]: IDLE {"metadata":{"emulator":{"name":"functions"},"message":"[worker-us-central1-geocode-abfd8126-eb74-4711-a639-d97bb420148c]: IDLE"}}
[debug] [2022-03-25T13:20:37.334Z] [work-queue] {"queueLength":0,"workRunningCount":0}
[debug] [2022-03-25T13:20:37.363Z] [work-queue] {"queueLength":1,"workRunningCount":0}
[debug] [2022-03-25T13:20:37.363Z] [work-queue] {"queueLength":0,"workRunningCount":1}
[debug] [2022-03-25T13:20:37.363Z] Accepted request GET /mobile-app-2e4bb/us-central1/placesNearby?location=41.878113,-87.629799 --> us-central1-placesNearby
[debug] [2022-03-25T13:20:37.367Z] [worker-pool] addWorker(us-central1-placesNearby) {"metadata":{"emulator":{"name":"functions"},"message":"[worker-pool] addWorker(us-central1-placesNearby)"}}
[debug] [2022-03-25T13:20:37.368Z] [worker-pool] Adding worker with key us-central1-placesNearby, total=1 {"metadata":{"emulator":{"name":"functions"},"message":"[worker-pool] Adding worker with key us-central1-placesNearby, total=1"}}
[debug] [2022-03-25T13:20:37.368Z] [worker-pool] submitWork(triggerId=us-central1-placesNearby) {"metadata":{"emulator":{"name":"functions"},"message":"[worker-pool] submitWork(triggerId=us-central1-placesNearby)"}}
[debug] [2022-03-25T13:20:37.368Z] [worker-us-central1-placesNearby-01f51572-c4d3-4f41-ae63-a02f9d309503]: Assigning socketPath: /var/folders/01/4tg7620x26x0bct_sbxqscgh0000gn/T/fire_emu_94752.sock {"metadata":{"emulator":{"name":"functions"},"message":"[worker-us-central1-placesNearby-01f51572-c4d3-4f41-ae63-a02f9d309503]: Assigning socketPath: /var/folders/01/4tg7620x26x0bct_sbxqscgh0000gn/T/fire_emu_94752.sock"}}
[debug] [2022-03-25T13:20:37.368Z] [worker-us-central1-placesNearby-01f51572-c4d3-4f41-ae63-a02f9d309503]: BUSY {"metadata":{"emulator":{"name":"functions"},"message":"[worker-us-central1-placesNearby-01f51572-c4d3-4f41-ae63-a02f9d309503]: BUSY"}}
[debug] [2022-03-25T13:20:37.712Z] [runtime-status] [94752] Functions runtime initialized. {"cwd":"/Users/barbaramoahamed/Documents/repos/wolt/functions","node_version":"14.17.4"} {"metadata":{"emulator":{"name":"functions"},"function":{"name":"us-central1-placesNearby"},"extension":{},"message":"[runtime-status] [94752] Functions runtime initialized. {\"cwd\":\"/Users/barbaramoahamed/Documents/repos/wolt/functions\",\"node_version\":\"14.17.4\"}"}}
[debug] [2022-03-25T13:20:37.713Z] [runtime-status] [94752] Disabled runtime features: undefined {"metadata":{"emulator":{"name":"functions"},"function":{"name":"us-central1-placesNearby"},"extension":{},"message":"[runtime-status] [94752] Disabled runtime features: undefined"}}
[debug] [2022-03-25T13:20:37.714Z] [runtime-status] [94752] Resolved module firebase-admin {"declared":true,"installed":true,"version":"10.0.2","resolution":"/Users/barbaramoahamed/Documents/repos/wolt/node_modules/firebase-admin/lib/index.js"} {"metadata":{"emulator":{"name":"functions"},"function":{"name":"us-central1-placesNearby"},"extension":{},"message":"[runtime-status] [94752] Resolved module firebase-admin {\"declared\":true,\"installed\":true,\"version\":\"10.0.2\",\"resolution\":\"/Users/barbaramoahamed/Documents/repos/wolt/node_modules/firebase-admin/lib/index.js\"}"}}
[debug] [2022-03-25T13:20:37.714Z] [runtime-status] [94752] Resolved module firebase-functions {"declared":true,"installed":true,"version":"3.19.0","resolution":"/Users/barbaramoahamed/Documents/repos/wolt/functions/node_modules/firebase-functions/lib/index.js"} {"metadata":{"emulator":{"name":"functions"},"function":{"name":"us-central1-placesNearby"},"extension":{},"message":"[runtime-status] [94752] Resolved module firebase-functions {\"declared\":true,\"installed\":true,\"version\":\"3.19.0\",\"resolution\":\"/Users/barbaramoahamed/Documents/repos/wolt/functions/node_modules/firebase-functions/lib/index.js\"}"}}
[debug] [2022-03-25T13:20:37.714Z] [runtime-status] [94752] Found local functions config: /Users/barbaramoahamed/Documents/repos/wolt/functions/.runtimeconfig.json {"metadata":{"emulator":{"name":"functions"},"function":{"name":"us-central1-placesNearby"},"extension":{},"message":"[runtime-status] [94752] Found local functions config: /Users/barbaramoahamed/Documents/repos/wolt/functions/.runtimeconfig.json"}}
[debug] [2022-03-25T13:20:37.714Z] [runtime-status] [94752] Outgoing network have been stubbed. [{"name":"http","status":"mocked"},{"name":"http","status":"mocked"},{"name":"https","status":"mocked"},{"name":"https","status":"mocked"},{"name":"net","status":"mocked"}] {"metadata":{"emulator":{"name":"functions"},"function":{"name":"us-central1-placesNearby"},"extension":{},"message":"[runtime-status] [94752] Outgoing network have been stubbed. [{\"name\":\"http\",\"status\":\"mocked\"},{\"name\":\"http\",\"status\":\"mocked\"},{\"name\":\"https\",\"status\":\"mocked\"},{\"name\":\"https\",\"status\":\"mocked\"},{\"name\":\"net\",\"status\":\"mocked\"}]"}}
[debug] [2022-03-25T13:20:37.715Z] [runtime-status] [94752] Resolved module firebase-functions {"declared":true,"installed":true,"version":"3.19.0","resolution":"/Users/barbaramoahamed/Documents/repos/wolt/functions/node_modules/firebase-functions/lib/index.js"} {"metadata":{"emulator":{"name":"functions"},"function":{"name":"us-central1-placesNearby"},"extension":{},"message":"[runtime-status] [94752] Resolved module firebase-functions {\"declared\":true,\"installed\":true,\"version\":\"3.19.0\",\"resolution\":\"/Users/barbaramoahamed/Documents/repos/wolt/functions/node_modules/firebase-functions/lib/index.js\"}"}}
[debug] [2022-03-25T13:20:37.726Z] [runtime-status] [94752] Checked functions.config() {"config":{"google":{"key":"AIzaSyBrZkx8c_q3ZjlLcA3vEwBvMcYci0ymt_4"}}} {"metadata":{"emulator":{"name":"functions"},"function":{"name":"us-central1-placesNearby"},"extension":{},"message":"[runtime-status] [94752] Checked functions.config() {\"config\":{\"google\":{\"key\":\"AIzaSyBrZkx8c_q3ZjlLcA3vEwBvMcYci0ymt_4\"}}}"}}
[debug] [2022-03-25T13:20:37.726Z] [runtime-status] [94752] firebase-functions has been stubbed. {"functionsResolution":{"declared":true,"installed":true,"version":"3.19.0","resolution":"/Users/barbaramoahamed/Documents/repos/wolt/functions/node_modules/firebase-functions/lib/index.js"}} {"metadata":{"emulator":{"name":"functions"},"function":{"name":"us-central1-placesNearby"},"extension":{},"message":"[runtime-status] [94752] firebase-functions has been stubbed. {\"functionsResolution\":{\"declared\":true,\"installed\":true,\"version\":\"3.19.0\",\"resolution\":\"/Users/barbaramoahamed/Documents/repos/wolt/functions/node_modules/firebase-functions/lib/index.js\"}}"}}
[debug] [2022-03-25T13:20:37.727Z] [runtime-status] [94752] Resolved module firebase-functions {"declared":true,"installed":true,"version":"3.19.0","resolution":"/Users/barbaramoahamed/Documents/repos/wolt/functions/node_modules/firebase-functions/lib/index.js"} {"metadata":{"emulator":{"name":"functions"},"function":{"name":"us-central1-placesNearby"},"extension":{},"message":"[runtime-status] [94752] Resolved module firebase-functions {\"declared\":true,\"installed\":true,\"version\":\"3.19.0\",\"resolution\":\"/Users/barbaramoahamed/Documents/repos/wolt/functions/node_modules/firebase-functions/lib/index.js\"}"}}
[debug] [2022-03-25T13:20:37.727Z] [runtime-status] [94752] Resolved module firebase-admin {"declared":true,"installed":true,"version":"10.0.2","resolution":"/Users/barbaramoahamed/Documents/repos/wolt/node_modules/firebase-admin/lib/index.js"} {"metadata":{"emulator":{"name":"functions"},"function":{"name":"us-central1-placesNearby"},"extension":{},"message":"[runtime-status] [94752] Resolved module firebase-admin {\"declared\":true,\"installed\":true,\"version\":\"10.0.2\",\"resolution\":\"/Users/barbaramoahamed/Documents/repos/wolt/node_modules/firebase-admin/lib/index.js\"}"}}
[debug] [2022-03-25T13:20:37.727Z] [runtime-status] [94752] Resolved module firebase-functions {"declared":true,"installed":true,"version":"3.19.0","resolution":"/Users/barbaramoahamed/Documents/repos/wolt/functions/node_modules/firebase-functions/lib/index.js"} {"metadata":{"emulator":{"name":"functions"},"function":{"name":"us-central1-placesNearby"},"extension":{},"message":"[runtime-status] [94752] Resolved module firebase-functions {\"declared\":true,\"installed\":true,\"version\":\"3.19.0\",\"resolution\":\"/Users/barbaramoahamed/Documents/repos/wolt/functions/node_modules/firebase-functions/lib/index.js\"}"}}
[debug] [2022-03-25T13:20:37.727Z] [runtime-status] [94752] firebase-admin has been stubbed. {"adminResolution":{"declared":true,"installed":true,"version":"10.0.2","resolution":"/Users/barbaramoahamed/Documents/repos/wolt/node_modules/firebase-admin/lib/index.js"}} {"metadata":{"emulator":{"name":"functions"},"function":{"name":"us-central1-placesNearby"},"extension":{},"message":"[runtime-status] [94752] firebase-admin has been stubbed. {\"adminResolution\":{\"declared\":true,\"installed\":true,\"version\":\"10.0.2\",\"resolution\":\"/Users/barbaramoahamed/Documents/repos/wolt/node_modules/firebase-admin/lib/index.js\"}}"}}
[debug] [2022-03-25T13:20:37.742Z] [runtime-status] [94752] Beginning invocation function placesNearby! {"metadata":{"emulator":{"name":"functions"},"function":{"name":"us-central1-placesNearby"},"extension":{},"message":"[runtime-status] [94752] Beginning invocation function placesNearby!"}}
[info] i  functions: Beginning execution of "placesNearby" {"metadata":{"emulator":{"name":"functions"},"function":{"name":"us-central1-placesNearby"},"extension":{},"message":"Beginning execution of \"placesNearby\""}}
[debug] [2022-03-25T13:20:37.742Z] [runtime-status] [94752] Running placesNearby in signature http {"metadata":{"emulator":{"name":"functions"},"function":{"name":"us-central1-placesNearby"},"extension":{},"message":"[runtime-status] [94752] Running placesNearby in signature http"}}
[debug] [2022-03-25T13:20:37.743Z] [runtime-status] [94752] Attempting to listen to socketPath: /var/folders/01/4tg7620x26x0bct_sbxqscgh0000gn/T/fire_emu_94752.sock {"metadata":{"emulator":{"name":"functions"},"function":{"name":"us-central1-placesNearby"},"extension":{},"message":"[runtime-status] [94752] Attempting to listen to socketPath: /var/folders/01/4tg7620x26x0bct_sbxqscgh0000gn/T/fire_emu_94752.sock"}}
[debug] [2022-03-25T13:20:37.744Z] [functions] Runtime ready! Sending request! {"metadata":{"emulator":{"name":"functions"},"message":"[functions] Runtime ready! Sending request!"}}
[debug] [2022-03-25T13:20:37.745Z] [functions] Got req.url=/mobile-app-2e4bb/us-central1/placesNearby?location=41.878113,-87.629799, mapping to path=/?location=41.878113,-87.629799 {"metadata":{"emulator":{"name":"functions"},"message":"[functions] Got req.url=/mobile-app-2e4bb/us-central1/placesNearby?location=41.878113,-87.629799, mapping to path=/?location=41.878113,-87.629799"}}
[debug] [2022-03-25T13:20:37.747Z] [runtime-status] [94752] Ephemeral server handling GET request {"metadata":{"emulator":{"name":"functions"},"function":{"name":"us-central1-placesNearby"},"extension":{},"message":"[runtime-status] [94752] Ephemeral server handling GET request"}}
[debug] [2022-03-25T13:20:37.755Z] [runtime-status] [94752] Ephemeral server survived. {"metadata":{"emulator":{"name":"functions"},"function":{"name":"us-central1-placesNearby"},"extension":{},"message":"[runtime-status] [94752] Ephemeral server survived."}}
[info] i  functions: Finished "placesNearby" in ~1s {"metadata":{"emulator":{"name":"functions"},"function":{"name":"us-central1-placesNearby"},"extension":{},"message":"Finished \"placesNearby\" in ~1s"}}
[debug] [2022-03-25T13:20:38.489Z] [worker-us-central1-placesNearby-01f51572-c4d3-4f41-ae63-a02f9d309503]: IDLE {"metadata":{"emulator":{"name":"functions"},"message":"[worker-us-central1-placesNearby-01f51572-c4d3-4f41-ae63-a02f9d309503]: IDLE"}}
[debug] [2022-03-25T13:20:38.490Z] [work-queue] {"queueLength":0,"workRunningCount":0}
[debug] [2022-03-25T13:22:31.422Z] File /Users/barbaramoahamed/Documents/repos/wolt/functions/geocode/index.js changed, reloading triggers {"metadata":{"emulator":{"name":"functions"},"message":"File /Users/barbaramoahamed/Documents/repos/wolt/functions/geocode/index.js changed, reloading triggers"}}
[debug] [2022-03-25T13:22:32.424Z] [worker-pool] Shutting down IDLE worker (us-central1-geocode) {"metadata":{"emulator":{"name":"functions"},"message":"[worker-pool] Shutting down IDLE worker (us-central1-geocode)"}}
[debug] [2022-03-25T13:22:32.424Z] [worker-us-central1-geocode-abfd8126-eb74-4711-a639-d97bb420148c]: FINISHING {"metadata":{"emulator":{"name":"functions"},"message":"[worker-us-central1-geocode-abfd8126-eb74-4711-a639-d97bb420148c]: FINISHING"}}
[debug] [2022-03-25T13:22:32.425Z] [worker-pool] Shutting down IDLE worker (us-central1-placesNearby) {"metadata":{"emulator":{"name":"functions"},"message":"[worker-pool] Shutting down IDLE worker (us-central1-placesNearby)"}}
[debug] [2022-03-25T13:22:32.425Z] [worker-us-central1-placesNearby-01f51572-c4d3-4f41-ae63-a02f9d309503]: FINISHING {"metadata":{"emulator":{"name":"functions"},"message":"[worker-us-central1-placesNearby-01f51572-c4d3-4f41-ae63-a02f9d309503]: FINISHING"}}
[debug] [2022-03-25T13:22:32.427Z] Validating nodejs source
[debug] [2022-03-25T13:22:33.404Z] > [functions] package.json contents: {
  "name": "functions",
  "description": "Cloud Functions for Firebase",
  "scripts": {
    "serve": "firebase emulators:start --only functions",
    "shell": "firebase functions:shell",
    "start": "npm run shell",
    "deploy": "firebase deploy --only functions",
    "logs": "firebase functions:log"
  },
  "engines": {
    "node": "14"
  },
  "main": "index.js",
  "dependencies": {
    "firebase-admin": "^9.8.0",
    "firebase-functions": "^3.19.0"
  },
  "devDependencies": {
    "firebase-functions-test": "^0.2.0"
  },
  "private": true
}
[debug] [2022-03-25T13:22:33.405Z] Building nodejs source
[debug] [2022-03-25T13:22:33.405Z] Analyzing nodejs backend spec
[debug] [2022-03-25T13:22:33.409Z] [worker-us-central1-geocode-abfd8126-eb74-4711-a639-d97bb420148c]: exited {"metadata":{"emulator":{"name":"functions"},"message":"[worker-us-central1-geocode-abfd8126-eb74-4711-a639-d97bb420148c]: exited"}}
[debug] [2022-03-25T13:22:33.410Z] [worker-us-central1-geocode-abfd8126-eb74-4711-a639-d97bb420148c]: FINISHED {"metadata":{"emulator":{"name":"functions"},"message":"[worker-us-central1-geocode-abfd8126-eb74-4711-a639-d97bb420148c]: FINISHED"}}
[debug] [2022-03-25T13:22:33.410Z] [worker-us-central1-placesNearby-01f51572-c4d3-4f41-ae63-a02f9d309503]: exited {"metadata":{"emulator":{"name":"functions"},"message":"[worker-us-central1-placesNearby-01f51572-c4d3-4f41-ae63-a02f9d309503]: exited"}}
[debug] [2022-03-25T13:22:33.410Z] [worker-us-central1-placesNearby-01f51572-c4d3-4f41-ae63-a02f9d309503]: FINISHED {"metadata":{"emulator":{"name":"functions"},"message":"[worker-us-central1-placesNearby-01f51572-c4d3-4f41-ae63-a02f9d309503]: FINISHED"}}
[debug] [2022-03-25T13:24:13.317Z] File /Users/barbaramoahamed/Documents/repos/wolt/functions/geocode/index.js changed, reloading triggers {"metadata":{"emulator":{"name":"functions"},"message":"File /Users/barbaramoahamed/Documents/repos/wolt/functions/geocode/index.js changed, reloading triggers"}}
[debug] [2022-03-25T13:24:14.319Z] Validating nodejs source
[debug] [2022-03-25T13:24:15.664Z] > [functions] package.json contents: {
  "name": "functions",
  "description": "Cloud Functions for Firebase",
  "scripts": {
    "serve": "firebase emulators:start --only functions",
    "shell": "firebase functions:shell",
    "start": "npm run shell",
    "deploy": "firebase deploy --only functions",
    "logs": "firebase functions:log"
  },
  "engines": {
    "node": "14"
  },
  "main": "index.js",
  "dependencies": {
    "firebase-admin": "^9.8.0",
    "firebase-functions": "^3.19.0"
  },
  "devDependencies": {
    "firebase-functions-test": "^0.2.0"
  },
  "private": true
}
[debug] [2022-03-25T13:24:15.664Z] Building nodejs source
[debug] [2022-03-25T13:24:15.664Z] Analyzing nodejs backend spec
