[debug] [2021-10-19T18:28:14.708Z] ----------------------------------------------------------------------
[debug] [2021-10-19T18:28:14.709Z] Command:       /Users/barbaramoahamed/.nvm/versions/node/v14.17.4/bin/node /Users/barbaramoahamed/.nvm/versions/node/v14.17.4/bin/firebase deploy --only functions:placesNearby,functions:geocode
[debug] [2021-10-19T18:28:14.709Z] CLI Version:   9.20.0
[debug] [2021-10-19T18:28:14.710Z] Platform:      darwin
[debug] [2021-10-19T18:28:14.710Z] Node Version:  v14.17.4
[debug] [2021-10-19T18:28:14.710Z] Time:          Tue Oct 19 2021 21:28:14 GMT+0300 (Eastern European Summer Time)
[debug] [2021-10-19T18:28:14.710Z] ----------------------------------------------------------------------
[debug] 
[debug] [2021-10-19T18:28:14.739Z] > command requires scopes: ["email","openid","https://www.googleapis.com/auth/cloudplatformprojects.readonly","https://www.googleapis.com/auth/firebase","https://www.googleapis.com/auth/cloud-platform"]
[debug] [2021-10-19T18:28:14.739Z] > authorizing via signed-in user (bmoah001@gmail.com)
[debug] [2021-10-19T18:28:14.739Z] [iam] checking project mobile-app-2e4bb for permissions ["cloudfunctions.functions.create","cloudfunctions.functions.delete","cloudfunctions.functions.get","cloudfunctions.functions.list","cloudfunctions.functions.update","cloudfunctions.operations.get","firebase.projects.get"]
[debug] [2021-10-19T18:28:14.740Z] >>> HTTP REQUEST POST https://cloudresourcemanager.googleapis.com/v1/projects/mobile-app-2e4bb:testIamPermissions  
 {"permissions":["cloudfunctions.functions.create","cloudfunctions.functions.delete","cloudfunctions.functions.get","cloudfunctions.functions.list","cloudfunctions.functions.update","cloudfunctions.operations.get","firebase.projects.get"]}
[debug] [2021-10-19T18:28:15.965Z] <<< HTTP RESPONSE 200 {"content-type":"application/json; charset=UTF-8","vary":"X-Origin, Referer, Origin,Accept-Encoding","date":"Tue, 19 Oct 2021 18:28:15 GMT","server":"ESF","cache-control":"private","x-xss-protection":"0","x-frame-options":"SAMEORIGIN","x-content-type-options":"nosniff","server-timing":"gfet4t7; dur=607","alt-svc":"h3=\":443\"; ma=2592000,h3-29=\":443\"; ma=2592000,h3-T051=\":443\"; ma=2592000,h3-Q050=\":443\"; ma=2592000,h3-Q046=\":443\"; ma=2592000,h3-Q043=\":443\"; ma=2592000,quic=\":443\"; ma=2592000; v=\"46,43\"","accept-ranges":"none","transfer-encoding":"chunked"}
[debug] [2021-10-19T18:28:15.968Z] >>> HTTP REQUEST POST https://iam.googleapis.com/v1/projects/mobile-app-2e4bb/serviceAccounts/mobile-app-2e4bb@appspot.gserviceaccount.com:testIamPermissions  
 {"permissions":["iam.serviceAccounts.actAs"]}
[debug] [2021-10-19T18:28:17.299Z] <<< HTTP RESPONSE 200 {"content-type":"application/json; charset=UTF-8","vary":"X-Origin, Referer, Origin,Accept-Encoding","date":"Tue, 19 Oct 2021 18:28:17 GMT","server":"ESF","cache-control":"private","x-xss-protection":"0","x-frame-options":"SAMEORIGIN","x-content-type-options":"nosniff","alt-svc":"h3=\":443\"; ma=2592000,h3-29=\":443\"; ma=2592000,h3-T051=\":443\"; ma=2592000,h3-Q050=\":443\"; ma=2592000,h3-Q046=\":443\"; ma=2592000,h3-Q043=\":443\"; ma=2592000,quic=\":443\"; ma=2592000; v=\"46,43\"","accept-ranges":"none","transfer-encoding":"chunked"}
[info] 
[info] === Deploying to 'mobile-app-2e4bb'...
[info] 
[info] i  deploying functions 
[debug] [2021-10-19T18:28:17.309Z] Validating nodejs source
[warn] ⚠  functions: package.json indicates an outdated version of firebase-functions.
Please upgrade using npm install --save firebase-functions@latest in your functions directory. 
[debug] [2021-10-19T18:28:18.752Z] > [functions] package.json contents: {
  "name": "functions",
  "description": "Cloud Functions for Firebase",
  "scripts": {
    "serve": "firebase emulators:start --only functions",
    "shell": "firebase functions:shell",
    "start": "npm run shell",
    "deploy": "firebase deploy --only functions",
    "logs": "firebase functions:log"
  },
  "engines": {
    "node": "12"
  },
  "main": "index.js",
  "dependencies": {
    "firebase-admin": "^9.8.0",
    "firebase-functions": "^3.14.1"
  },
  "devDependencies": {
    "firebase-functions-test": "^0.2.0"
  },
  "private": true
}
[debug] [2021-10-19T18:28:18.752Z] Building nodejs source
[info] i  functions: ensuring required API cloudfunctions.googleapis.com is enabled... 
[info] i  functions: ensuring required API cloudbuild.googleapis.com is enabled... 
[debug] [2021-10-19T18:28:18.753Z] >>> HTTP REQUEST GET https://serviceusage.googleapis.com/v1/projects/mobile-app-2e4bb/services/cloudfunctions.googleapis.com  
 
[debug] [2021-10-19T18:28:18.753Z] >>> HTTP REQUEST GET https://serviceusage.googleapis.com/v1/projects/mobile-app-2e4bb/services/runtimeconfig.googleapis.com  
 
[debug] [2021-10-19T18:28:18.754Z] >>> HTTP REQUEST GET https://serviceusage.googleapis.com/v1/projects/mobile-app-2e4bb/services/cloudbuild.googleapis.com  
 
[debug] [2021-10-19T18:28:19.810Z] <<< HTTP RESPONSE 200 {"content-type":"application/json; charset=UTF-8","vary":"X-Origin, Referer, Origin,Accept-Encoding","date":"Tue, 19 Oct 2021 18:28:19 GMT","server":"ESF","cache-control":"private","x-xss-protection":"0","x-frame-options":"SAMEORIGIN","x-content-type-options":"nosniff","alt-svc":"h3=\":443\"; ma=2592000,h3-29=\":443\"; ma=2592000,h3-T051=\":443\"; ma=2592000,h3-Q050=\":443\"; ma=2592000,h3-Q046=\":443\"; ma=2592000,h3-Q043=\":443\"; ma=2592000,quic=\":443\"; ma=2592000; v=\"46,43\"","accept-ranges":"none","transfer-encoding":"chunked"}
[debug] [2021-10-19T18:28:19.981Z] <<< HTTP RESPONSE 200 {"content-type":"application/json; charset=UTF-8","vary":"X-Origin, Referer, Origin,Accept-Encoding","date":"Tue, 19 Oct 2021 18:28:19 GMT","server":"ESF","cache-control":"private","x-xss-protection":"0","x-frame-options":"SAMEORIGIN","x-content-type-options":"nosniff","alt-svc":"h3=\":443\"; ma=2592000,h3-29=\":443\"; ma=2592000,h3-T051=\":443\"; ma=2592000,h3-Q050=\":443\"; ma=2592000,h3-Q046=\":443\"; ma=2592000,h3-Q043=\":443\"; ma=2592000,quic=\":443\"; ma=2592000; v=\"46,43\"","accept-ranges":"none","transfer-encoding":"chunked"}
[info] ✔  functions: required API cloudfunctions.googleapis.com is enabled 
[debug] [2021-10-19T18:28:19.987Z] <<< HTTP RESPONSE 200 {"content-type":"application/json; charset=UTF-8","vary":"X-Origin, Referer, Origin,Accept-Encoding","date":"Tue, 19 Oct 2021 18:28:19 GMT","server":"ESF","cache-control":"private","x-xss-protection":"0","x-frame-options":"SAMEORIGIN","x-content-type-options":"nosniff","alt-svc":"h3=\":443\"; ma=2592000,h3-29=\":443\"; ma=2592000,h3-T051=\":443\"; ma=2592000,h3-Q050=\":443\"; ma=2592000,h3-Q046=\":443\"; ma=2592000,h3-Q043=\":443\"; ma=2592000,quic=\":443\"; ma=2592000; v=\"46,43\"","accept-ranges":"none","transfer-encoding":"chunked"}
[info] ✔  functions: required API cloudbuild.googleapis.com is enabled 
[debug] [2021-10-19T18:28:19.988Z] >>> HTTP REQUEST GET https://firebase.googleapis.com/v1beta1/projects/mobile-app-2e4bb/adminSdkConfig  
 
[debug] [2021-10-19T18:28:20.711Z] <<< HTTP RESPONSE 200 {"content-type":"application/json; charset=UTF-8","vary":"X-Origin, Referer, Origin,Accept-Encoding","date":"Tue, 19 Oct 2021 18:28:20 GMT","server":"ESF","cache-control":"private","x-xss-protection":"0","x-frame-options":"SAMEORIGIN","x-content-type-options":"nosniff","alt-svc":"h3=\":443\"; ma=2592000,h3-29=\":443\"; ma=2592000,h3-T051=\":443\"; ma=2592000,h3-Q050=\":443\"; ma=2592000,h3-Q046=\":443\"; ma=2592000,h3-Q043=\":443\"; ma=2592000,quic=\":443\"; ma=2592000; v=\"46,43\"","accept-ranges":"none","transfer-encoding":"chunked"}
[debug] [2021-10-19T18:28:20.713Z] >>> HTTP REQUEST GET https://runtimeconfig.googleapis.com/v1beta1/projects/mobile-app-2e4bb/configs  
 
[debug] [2021-10-19T18:28:21.243Z] <<< HTTP RESPONSE 200 {"content-type":"application/json; charset=UTF-8","vary":"X-Origin, Referer, Origin,Accept-Encoding","date":"Tue, 19 Oct 2021 18:28:21 GMT","server":"ESF","cache-control":"private","x-xss-protection":"0","x-frame-options":"SAMEORIGIN","x-content-type-options":"nosniff","alt-svc":"h3=\":443\"; ma=2592000,h3-29=\":443\"; ma=2592000,h3-Q050=\":443\"; ma=2592000,h3-Q046=\":443\"; ma=2592000,h3-Q043=\":443\"; ma=2592000,quic=\":443\"; ma=2592000; v=\"46,43\"","accept-ranges":"none","transfer-encoding":"chunked"}
[debug] [2021-10-19T18:28:21.244Z] >>> HTTP REQUEST GET https://runtimeconfig.googleapis.com/v1beta1/projects/mobile-app-2e4bb/configs/google/variables  
 
[debug] [2021-10-19T18:28:21.663Z] <<< HTTP RESPONSE 200 {"content-type":"application/json; charset=UTF-8","vary":"X-Origin, Referer, Origin,Accept-Encoding","date":"Tue, 19 Oct 2021 18:28:21 GMT","server":"ESF","cache-control":"private","x-xss-protection":"0","x-frame-options":"SAMEORIGIN","x-content-type-options":"nosniff","alt-svc":"h3=\":443\"; ma=2592000,h3-29=\":443\"; ma=2592000,h3-Q050=\":443\"; ma=2592000,h3-Q046=\":443\"; ma=2592000,h3-Q043=\":443\"; ma=2592000","accept-ranges":"none","transfer-encoding":"chunked"}
[debug] [2021-10-19T18:28:21.665Z] >>> HTTP REQUEST GET https://runtimeconfig.googleapis.com/v1beta1/projects/mobile-app-2e4bb/configs/google/variables/key  
 
[debug] [2021-10-19T18:28:22.120Z] <<< HTTP RESPONSE 200 {"content-type":"application/json; charset=UTF-8","vary":"X-Origin, Referer, Origin,Accept-Encoding","date":"Tue, 19 Oct 2021 18:28:22 GMT","server":"ESF","cache-control":"private","x-xss-protection":"0","x-frame-options":"SAMEORIGIN","x-content-type-options":"nosniff","alt-svc":"h3=\":443\"; ma=2592000,h3-29=\":443\"; ma=2592000,h3-Q050=\":443\"; ma=2592000,h3-Q046=\":443\"; ma=2592000,h3-Q043=\":443\"; ma=2592000,quic=\":443\"; ma=2592000; v=\"46,43\"","accept-ranges":"none","transfer-encoding":"chunked"}
[debug] [2021-10-19T18:28:22.126Z] Analyzing nodejs backend spec
[info] i  functions: preparing functions directory for uploading... 
[info] i  functions: packaged functions (69.83 KB) for uploading 
[debug] [2021-10-19T18:28:22.265Z] >>> HTTP REQUEST GET https://cloudfunctions.googleapis.com/v1/projects/mobile-app-2e4bb/locations/-/functions  
 
[debug] [2021-10-19T18:28:22.990Z] <<< HTTP RESPONSE 200 {"content-type":"application/json; charset=UTF-8","vary":"X-Origin, Referer, Origin,Accept-Encoding","date":"Tue, 19 Oct 2021 18:28:23 GMT","server":"ESF","cache-control":"private","x-xss-protection":"0","x-frame-options":"SAMEORIGIN","x-content-type-options":"nosniff","alt-svc":"h3=\":443\"; ma=2592000,h3-29=\":443\"; ma=2592000,h3-T051=\":443\"; ma=2592000,h3-Q050=\":443\"; ma=2592000,h3-Q046=\":443\"; ma=2592000,h3-Q043=\":443\"; ma=2592000,quic=\":443\"; ma=2592000; v=\"46,43\"","accept-ranges":"none","transfer-encoding":"chunked"}
[debug] [2021-10-19T18:28:22.992Z] >>> HTTP REQUEST POST https://cloudfunctions.googleapis.com/v1/projects/mobile-app-2e4bb/locations/us-central1/functions:generateUploadUrl  
 
[debug] [2021-10-19T18:28:23.811Z] <<< HTTP RESPONSE 200 {"content-type":"application/json; charset=UTF-8","vary":"X-Origin, Referer, Origin,Accept-Encoding","date":"Tue, 19 Oct 2021 18:28:23 GMT","server":"ESF","cache-control":"private","x-xss-protection":"0","x-frame-options":"SAMEORIGIN","x-content-type-options":"nosniff","alt-svc":"h3=\":443\"; ma=2592000,h3-29=\":443\"; ma=2592000,h3-T051=\":443\"; ma=2592000,h3-Q050=\":443\"; ma=2592000,h3-Q046=\":443\"; ma=2592000,h3-Q043=\":443\"; ma=2592000,quic=\":443\"; ma=2592000; v=\"46,43\"","accept-ranges":"none","transfer-encoding":"chunked"}
[debug] [2021-10-19T18:28:23.812Z] >>> HTTP REQUEST PUT https://storage.googleapis.com/gcf-upload-us-central1-9eab85f4-1091-4919-ad8e-f9dc1db34030/5c072879-f9d1-45b8-a230-2860f94c0768.zip?GoogleAccessId=service-669833080773@gcf-admin-robot.iam.gserviceaccount.com&Expires=1634669903&Signature=hD1mKkhQqF0UYcR2W35DcSdrOBwchR8zE%2B4MyNTM9Kpm%2Bhob4J7AnR6KmBf%2BR7I9nK2nc74JTPFQmHc2ntA113ocn5vhea9IOjqPbLsczS6s0j%2Fggh1s4O4K1m368qNw8AyCGhUBKxE3H9IBnpAMo%2FbVHlGdimo3PF4QGRVMccMGFnmISqlbBBdZiFkHFG74yxBQ49ONtfRUtPKlk4ZtRuYf%2Fah3WnDyEU2QkDmqhWN%2FX%2B1bYqDdDuZhblYo%2FS29wmH63ljTl57anu8KqycNdsgb5zmiqeLSEQjSzdOXGh1rFjRAUyxIZnlHX%2BjN%2FXpUOjoUbVfkZzknYxhtBDx%2B%2BA%3D%3D  
 <request body omitted>
[debug] [2021-10-19T18:28:26.061Z] <<< HTTP RESPONSE 200 {"x-guploader-uploadid":"ADPycdsmiI5c_PTR07HZVDr6rPJMiiWDGVianZLEXdOvbnqq0Eg2pY7ZjhJYA0Z6ZgCb74p_L4LjgvUPrwUEMngozaY","etag":"\"c1a966dabaea7b74a2acb8e9774ec3d7\"","x-goog-generation":"1634668106057992","x-goog-metageneration":"1","x-goog-hash":"crc32c=W9h30A==, md5=walm2rrqe3SirLjpd07D1w==","x-goog-stored-content-length":"71501","x-goog-stored-content-encoding":"identity","vary":"Origin","content-length":"0","date":"Tue, 19 Oct 2021 18:28:26 GMT","server":"UploadServer","content-type":"text/html; charset=UTF-8","alt-svc":"h3=\":443\"; ma=2592000,h3-29=\":443\"; ma=2592000,h3-T051=\":443\"; ma=2592000,h3-Q050=\":443\"; ma=2592000,h3-Q046=\":443\"; ma=2592000,h3-Q043=\":443\"; ma=2592000,quic=\":443\"; ma=2592000; v=\"46,43\""}
[info] ✔  functions: functions folder uploaded successfully 
[info] i  functions: updating Node.js 12 function geocode(us-central1)... 
[debug] [2021-10-19T18:28:26.068Z] >>> HTTP REQUEST PATCH https://cloudfunctions.googleapis.com/v1/projects/mobile-app-2e4bb/locations/us-central1/functions/geocode {"updateMask":"name,sourceUploadUrl,entryPoint,runtime,httpsTrigger,labels,environmentVariables"} 
 {"name":"projects/mobile-app-2e4bb/locations/us-central1/functions/geocode","sourceUploadUrl":"https://storage.googleapis.com/gcf-upload-us-central1-9eab85f4-1091-4919-ad8e-f9dc1db34030/5c072879-f9d1-45b8-a230-2860f94c0768.zip?GoogleAccessId=service-669833080773@gcf-admin-robot.iam.gserviceaccount.com&Expires=1634669903&Signature=hD1mKkhQqF0UYcR2W35DcSdrOBwchR8zE%2B4MyNTM9Kpm%2Bhob4J7AnR6KmBf%2BR7I9nK2nc74JTPFQmHc2ntA113ocn5vhea9IOjqPbLsczS6s0j%2Fggh1s4O4K1m368qNw8AyCGhUBKxE3H9IBnpAMo%2FbVHlGdimo3PF4QGRVMccMGFnmISqlbBBdZiFkHFG74yxBQ49ONtfRUtPKlk4ZtRuYf%2Fah3WnDyEU2QkDmqhWN%2FX%2B1bYqDdDuZhblYo%2FS29wmH63ljTl57anu8KqycNdsgb5zmiqeLSEQjSzdOXGh1rFjRAUyxIZnlHX%2BjN%2FXpUOjoUbVfkZzknYxhtBDx%2B%2BA%3D%3D","entryPoint":"geocode","runtime":"nodejs12","httpsTrigger":{},"labels":{"deployment-tool":"cli-firebase"},"environmentVariables":{"FIREBASE_CONFIG":"{\"projectId\":\"mobile-app-2e4bb\",\"storageBucket\":\"mobile-app-2e4bb.appspot.com\"}","GCLOUD_PROJECT":"mobile-app-2e4bb"}}
[debug] [2021-10-19T18:28:26.779Z] <<< HTTP RESPONSE 200 {"content-type":"application/json; charset=UTF-8","vary":"X-Origin, Referer, Origin,Accept-Encoding","date":"Tue, 19 Oct 2021 18:28:26 GMT","server":"ESF","cache-control":"private","x-xss-protection":"0","x-frame-options":"SAMEORIGIN","x-content-type-options":"nosniff","alt-svc":"h3=\":443\"; ma=2592000,h3-29=\":443\"; ma=2592000,h3-T051=\":443\"; ma=2592000,h3-Q050=\":443\"; ma=2592000,h3-Q046=\":443\"; ma=2592000,h3-Q043=\":443\"; ma=2592000,quic=\":443\"; ma=2592000; v=\"46,43\"","accept-ranges":"none","transfer-encoding":"chunked"}
[debug] [2021-10-19T18:28:26.783Z] > refreshing access token with scopes: []
[debug] [2021-10-19T18:28:26.783Z] >>> HTTP REQUEST POST https://www.googleapis.com/oauth2/v3/token  
 <request body omitted>
[debug] [2021-10-19T18:28:27.092Z] <<< HTTP RESPONSE 200 {"expires":"Mon, 01 Jan 1990 00:00:00 GMT","date":"Tue, 19 Oct 2021 18:28:27 GMT","cache-control":"no-cache, no-store, max-age=0, must-revalidate","pragma":"no-cache","content-type":"application/json; charset=utf-8","vary":"X-Origin, Referer, Origin,Accept-Encoding","server":"scaffolding on HTTPServer2","x-xss-protection":"0","x-frame-options":"SAMEORIGIN","x-content-type-options":"nosniff","alt-svc":"h3=\":443\"; ma=2592000,h3-29=\":443\"; ma=2592000,h3-T051=\":443\"; ma=2592000,h3-Q050=\":443\"; ma=2592000,h3-Q046=\":443\"; ma=2592000,h3-Q043=\":443\"; ma=2592000,quic=\":443\"; ma=2592000; v=\"46,43\"","accept-ranges":"none","transfer-encoding":"chunked"}
[debug] [2021-10-19T18:28:27.152Z] >>> [apiv2][query] GET https://cloudfunctions.googleapis.com/v1/operations/bW9iaWxlLWFwcC0yZTRiYi91cy1jZW50cmFsMS9nZW9jb2RlLy1CTWxLaFdRcnlj [none]
[debug] [2021-10-19T18:28:27.620Z] <<< [apiv2][status] GET https://cloudfunctions.googleapis.com/v1/operations/bW9iaWxlLWFwcC0yZTRiYi91cy1jZW50cmFsMS9nZW9jb2RlLy1CTWxLaFdRcnlj 200
[debug] [2021-10-19T18:28:27.621Z] <<< [apiv2][body] GET https://cloudfunctions.googleapis.com/v1/operations/bW9iaWxlLWFwcC0yZTRiYi91cy1jZW50cmFsMS9nZW9jb2RlLy1CTWxLaFdRcnlj {"name":"operations/bW9iaWxlLWFwcC0yZTRiYi91cy1jZW50cmFsMS9nZW9jb2RlLy1CTWxLaFdRcnlj","metadata":{"@type":"type.googleapis.com/google.cloud.functions.v1.OperationMetadataV1","target":"projects/mobile-app-2e4bb/locations/us-central1/functions/geocode","type":"UPDATE_FUNCTION","request":{"@type":"type.googleapis.com/google.cloud.functions.v1.CloudFunction","name":"projects/mobile-app-2e4bb/locations/us-central1/functions/geocode","httpsTrigger":{},"status":"ACTIVE","entryPoint":"geocode","timeout":"60s","availableMemoryMb":256,"serviceAccountEmail":"mobile-app-2e4bb@appspot.gserviceaccount.com","updateTime":"2021-06-03T11:54:08.726Z","versionId":"1","labels":{"deployment-tool":"cli-firebase"},"sourceUploadUrl":"https://storage.googleapis.com/gcf-upload-us-central1-9eab85f4-1091-4919-ad8e-f9dc1db34030/5c072879-f9d1-45b8-a230-2860f94c0768.zip?GoogleAccessId=service-669833080773@gcf-admin-robot.iam.gserviceaccount.com&Expires=1634669903&Signature=hD1mKkhQqF0UYcR2W35DcSdrOBwchR8zE%2B4MyNTM9Kpm%2Bhob4J7AnR6KmBf%2BR7I9nK2nc74JTPFQmHc2ntA113ocn5vhea9IOjqPbLsczS6s0j%2Fggh1s4O4K1m368qNw8AyCGhUBKxE3H9IBnpAMo%2FbVHlGdimo3PF4QGRVMccMGFnmISqlbBBdZiFkHFG74yxBQ49ONtfRUtPKlk4ZtRuYf%2Fah3WnDyEU2QkDmqhWN%2FX%2B1bYqDdDuZhblYo%2FS29wmH63ljTl57anu8KqycNdsgb5zmiqeLSEQjSzdOXGh1rFjRAUyxIZnlHX%2BjN%2FXpUOjoUbVfkZzknYxhtBDx%2B%2BA%3D%3D","environmentVariables":{"FIREBASE_CONFIG":"{\"projectId\":\"mobile-app-2e4bb\",\"storageBucket\":\"mobile-app-2e4bb.appspot.com\"}","GCLOUD_PROJECT":"mobile-app-2e4bb"},"runtime":"nodejs12","ingressSettings":"ALLOW_ALL","buildId":"e900ad03-2c34-4c06-9fc7-ac53c3de2bee","buildName":"projects/669833080773/locations/us-central1/builds/e900ad03-2c34-4c06-9fc7-ac53c3de2bee"},"versionId":"18","updateTime":"2021-10-19T18:28:26Z","buildId":"0239e9c9-d172-4b12-9d94-529accc093e5","buildName":"projects/669833080773/locations/us-central1/builds/0239e9c9-d172-4b12-9d94-529accc093e5"}}
[debug] [2021-10-19T18:28:28.128Z] [update-projects/mobile-app-2e4bb/locations/us-central1/functions/geocode] Retrying task index 0
[debug] [2021-10-19T18:28:28.129Z] >>> [apiv2][query] GET https://cloudfunctions.googleapis.com/v1/operations/bW9iaWxlLWFwcC0yZTRiYi91cy1jZW50cmFsMS9nZW9jb2RlLy1CTWxLaFdRcnlj [none]
[debug] [2021-10-19T18:28:28.564Z] <<< [apiv2][status] GET https://cloudfunctions.googleapis.com/v1/operations/bW9iaWxlLWFwcC0yZTRiYi91cy1jZW50cmFsMS9nZW9jb2RlLy1CTWxLaFdRcnlj 200
[debug] [2021-10-19T18:28:28.565Z] <<< [apiv2][body] GET https://cloudfunctions.googleapis.com/v1/operations/bW9iaWxlLWFwcC0yZTRiYi91cy1jZW50cmFsMS9nZW9jb2RlLy1CTWxLaFdRcnlj {"name":"operations/bW9iaWxlLWFwcC0yZTRiYi91cy1jZW50cmFsMS9nZW9jb2RlLy1CTWxLaFdRcnlj","metadata":{"@type":"type.googleapis.com/google.cloud.functions.v1.OperationMetadataV1","target":"projects/mobile-app-2e4bb/locations/us-central1/functions/geocode","type":"UPDATE_FUNCTION","request":{"@type":"type.googleapis.com/google.cloud.functions.v1.CloudFunction","name":"projects/mobile-app-2e4bb/locations/us-central1/functions/geocode","httpsTrigger":{},"status":"ACTIVE","entryPoint":"geocode","timeout":"60s","availableMemoryMb":256,"serviceAccountEmail":"mobile-app-2e4bb@appspot.gserviceaccount.com","updateTime":"2021-06-03T11:54:08.726Z","versionId":"1","labels":{"deployment-tool":"cli-firebase"},"sourceUploadUrl":"https://storage.googleapis.com/gcf-upload-us-central1-9eab85f4-1091-4919-ad8e-f9dc1db34030/5c072879-f9d1-45b8-a230-2860f94c0768.zip?GoogleAccessId=service-669833080773@gcf-admin-robot.iam.gserviceaccount.com&Expires=1634669903&Signature=hD1mKkhQqF0UYcR2W35DcSdrOBwchR8zE%2B4MyNTM9Kpm%2Bhob4J7AnR6KmBf%2BR7I9nK2nc74JTPFQmHc2ntA113ocn5vhea9IOjqPbLsczS6s0j%2Fggh1s4O4K1m368qNw8AyCGhUBKxE3H9IBnpAMo%2FbVHlGdimo3PF4QGRVMccMGFnmISqlbBBdZiFkHFG74yxBQ49ONtfRUtPKlk4ZtRuYf%2Fah3WnDyEU2QkDmqhWN%2FX%2B1bYqDdDuZhblYo%2FS29wmH63ljTl57anu8KqycNdsgb5zmiqeLSEQjSzdOXGh1rFjRAUyxIZnlHX%2BjN%2FXpUOjoUbVfkZzknYxhtBDx%2B%2BA%3D%3D","environmentVariables":{"FIREBASE_CONFIG":"{\"projectId\":\"mobile-app-2e4bb\",\"storageBucket\":\"mobile-app-2e4bb.appspot.com\"}","GCLOUD_PROJECT":"mobile-app-2e4bb"},"runtime":"nodejs12","ingressSettings":"ALLOW_ALL","buildId":"e900ad03-2c34-4c06-9fc7-ac53c3de2bee","buildName":"projects/669833080773/locations/us-central1/builds/e900ad03-2c34-4c06-9fc7-ac53c3de2bee"},"versionId":"18","updateTime":"2021-10-19T18:28:26Z","buildId":"0239e9c9-d172-4b12-9d94-529accc093e5","buildName":"projects/669833080773/locations/us-central1/builds/0239e9c9-d172-4b12-9d94-529accc093e5"}}
[debug] [2021-10-19T18:28:29.566Z] [update-projects/mobile-app-2e4bb/locations/us-central1/functions/geocode] Retrying task index 0
[debug] [2021-10-19T18:28:29.567Z] >>> [apiv2][query] GET https://cloudfunctions.googleapis.com/v1/operations/bW9iaWxlLWFwcC0yZTRiYi91cy1jZW50cmFsMS9nZW9jb2RlLy1CTWxLaFdRcnlj [none]
[debug] [2021-10-19T18:28:30.005Z] <<< [apiv2][status] GET https://cloudfunctions.googleapis.com/v1/operations/bW9iaWxlLWFwcC0yZTRiYi91cy1jZW50cmFsMS9nZW9jb2RlLy1CTWxLaFdRcnlj 200
[debug] [2021-10-19T18:28:30.006Z] <<< [apiv2][body] GET https://cloudfunctions.googleapis.com/v1/operations/bW9iaWxlLWFwcC0yZTRiYi91cy1jZW50cmFsMS9nZW9jb2RlLy1CTWxLaFdRcnlj {"name":"operations/bW9iaWxlLWFwcC0yZTRiYi91cy1jZW50cmFsMS9nZW9jb2RlLy1CTWxLaFdRcnlj","metadata":{"@type":"type.googleapis.com/google.cloud.functions.v1.OperationMetadataV1","target":"projects/mobile-app-2e4bb/locations/us-central1/functions/geocode","type":"UPDATE_FUNCTION","request":{"@type":"type.googleapis.com/google.cloud.functions.v1.CloudFunction","name":"projects/mobile-app-2e4bb/locations/us-central1/functions/geocode","httpsTrigger":{},"status":"ACTIVE","entryPoint":"geocode","timeout":"60s","availableMemoryMb":256,"serviceAccountEmail":"mobile-app-2e4bb@appspot.gserviceaccount.com","updateTime":"2021-06-03T11:54:08.726Z","versionId":"1","labels":{"deployment-tool":"cli-firebase"},"sourceUploadUrl":"https://storage.googleapis.com/gcf-upload-us-central1-9eab85f4-1091-4919-ad8e-f9dc1db34030/5c072879-f9d1-45b8-a230-2860f94c0768.zip?GoogleAccessId=service-669833080773@gcf-admin-robot.iam.gserviceaccount.com&Expires=1634669903&Signature=hD1mKkhQqF0UYcR2W35DcSdrOBwchR8zE%2B4MyNTM9Kpm%2Bhob4J7AnR6KmBf%2BR7I9nK2nc74JTPFQmHc2ntA113ocn5vhea9IOjqPbLsczS6s0j%2Fggh1s4O4K1m368qNw8AyCGhUBKxE3H9IBnpAMo%2FbVHlGdimo3PF4QGRVMccMGFnmISqlbBBdZiFkHFG74yxBQ49ONtfRUtPKlk4ZtRuYf%2Fah3WnDyEU2QkDmqhWN%2FX%2B1bYqDdDuZhblYo%2FS29wmH63ljTl57anu8KqycNdsgb5zmiqeLSEQjSzdOXGh1rFjRAUyxIZnlHX%2BjN%2FXpUOjoUbVfkZzknYxhtBDx%2B%2BA%3D%3D","environmentVariables":{"FIREBASE_CONFIG":"{\"projectId\":\"mobile-app-2e4bb\",\"storageBucket\":\"mobile-app-2e4bb.appspot.com\"}","GCLOUD_PROJECT":"mobile-app-2e4bb"},"runtime":"nodejs12","ingressSettings":"ALLOW_ALL","buildId":"e900ad03-2c34-4c06-9fc7-ac53c3de2bee","buildName":"projects/669833080773/locations/us-central1/builds/e900ad03-2c34-4c06-9fc7-ac53c3de2bee"},"versionId":"18","updateTime":"2021-10-19T18:28:26Z","buildId":"0239e9c9-d172-4b12-9d94-529accc093e5","buildName":"projects/669833080773/locations/us-central1/builds/0239e9c9-d172-4b12-9d94-529accc093e5"}}
[debug] [2021-10-19T18:28:32.012Z] [update-projects/mobile-app-2e4bb/locations/us-central1/functions/geocode] Retrying task index 0
[debug] [2021-10-19T18:28:32.013Z] >>> [apiv2][query] GET https://cloudfunctions.googleapis.com/v1/operations/bW9iaWxlLWFwcC0yZTRiYi91cy1jZW50cmFsMS9nZW9jb2RlLy1CTWxLaFdRcnlj [none]
[debug] [2021-10-19T18:28:32.444Z] <<< [apiv2][status] GET https://cloudfunctions.googleapis.com/v1/operations/bW9iaWxlLWFwcC0yZTRiYi91cy1jZW50cmFsMS9nZW9jb2RlLy1CTWxLaFdRcnlj 200
[debug] [2021-10-19T18:28:32.444Z] <<< [apiv2][body] GET https://cloudfunctions.googleapis.com/v1/operations/bW9iaWxlLWFwcC0yZTRiYi91cy1jZW50cmFsMS9nZW9jb2RlLy1CTWxLaFdRcnlj {"name":"operations/bW9iaWxlLWFwcC0yZTRiYi91cy1jZW50cmFsMS9nZW9jb2RlLy1CTWxLaFdRcnlj","metadata":{"@type":"type.googleapis.com/google.cloud.functions.v1.OperationMetadataV1","target":"projects/mobile-app-2e4bb/locations/us-central1/functions/geocode","type":"UPDATE_FUNCTION","request":{"@type":"type.googleapis.com/google.cloud.functions.v1.CloudFunction","name":"projects/mobile-app-2e4bb/locations/us-central1/functions/geocode","httpsTrigger":{},"status":"ACTIVE","entryPoint":"geocode","timeout":"60s","availableMemoryMb":256,"serviceAccountEmail":"mobile-app-2e4bb@appspot.gserviceaccount.com","updateTime":"2021-06-03T11:54:08.726Z","versionId":"1","labels":{"deployment-tool":"cli-firebase"},"sourceUploadUrl":"https://storage.googleapis.com/gcf-upload-us-central1-9eab85f4-1091-4919-ad8e-f9dc1db34030/5c072879-f9d1-45b8-a230-2860f94c0768.zip?GoogleAccessId=service-669833080773@gcf-admin-robot.iam.gserviceaccount.com&Expires=1634669903&Signature=hD1mKkhQqF0UYcR2W35DcSdrOBwchR8zE%2B4MyNTM9Kpm%2Bhob4J7AnR6KmBf%2BR7I9nK2nc74JTPFQmHc2ntA113ocn5vhea9IOjqPbLsczS6s0j%2Fggh1s4O4K1m368qNw8AyCGhUBKxE3H9IBnpAMo%2FbVHlGdimo3PF4QGRVMccMGFnmISqlbBBdZiFkHFG74yxBQ49ONtfRUtPKlk4ZtRuYf%2Fah3WnDyEU2QkDmqhWN%2FX%2B1bYqDdDuZhblYo%2FS29wmH63ljTl57anu8KqycNdsgb5zmiqeLSEQjSzdOXGh1rFjRAUyxIZnlHX%2BjN%2FXpUOjoUbVfkZzknYxhtBDx%2B%2BA%3D%3D","environmentVariables":{"FIREBASE_CONFIG":"{\"projectId\":\"mobile-app-2e4bb\",\"storageBucket\":\"mobile-app-2e4bb.appspot.com\"}","GCLOUD_PROJECT":"mobile-app-2e4bb"},"runtime":"nodejs12","ingressSettings":"ALLOW_ALL","buildId":"e900ad03-2c34-4c06-9fc7-ac53c3de2bee","buildName":"projects/669833080773/locations/us-central1/builds/e900ad03-2c34-4c06-9fc7-ac53c3de2bee"},"versionId":"18","updateTime":"2021-10-19T18:28:26Z","buildId":"0239e9c9-d172-4b12-9d94-529accc093e5","buildName":"projects/669833080773/locations/us-central1/builds/0239e9c9-d172-4b12-9d94-529accc093e5"}}
[debug] [2021-10-19T18:28:36.447Z] [update-projects/mobile-app-2e4bb/locations/us-central1/functions/geocode] Retrying task index 0
[debug] [2021-10-19T18:28:36.447Z] >>> [apiv2][query] GET https://cloudfunctions.googleapis.com/v1/operations/bW9iaWxlLWFwcC0yZTRiYi91cy1jZW50cmFsMS9nZW9jb2RlLy1CTWxLaFdRcnlj [none]
[debug] [2021-10-19T18:28:36.912Z] <<< [apiv2][status] GET https://cloudfunctions.googleapis.com/v1/operations/bW9iaWxlLWFwcC0yZTRiYi91cy1jZW50cmFsMS9nZW9jb2RlLy1CTWxLaFdRcnlj 200
[debug] [2021-10-19T18:28:36.912Z] <<< [apiv2][body] GET https://cloudfunctions.googleapis.com/v1/operations/bW9iaWxlLWFwcC0yZTRiYi91cy1jZW50cmFsMS9nZW9jb2RlLy1CTWxLaFdRcnlj {"name":"operations/bW9iaWxlLWFwcC0yZTRiYi91cy1jZW50cmFsMS9nZW9jb2RlLy1CTWxLaFdRcnlj","metadata":{"@type":"type.googleapis.com/google.cloud.functions.v1.OperationMetadataV1","target":"projects/mobile-app-2e4bb/locations/us-central1/functions/geocode","type":"UPDATE_FUNCTION","request":{"@type":"type.googleapis.com/google.cloud.functions.v1.CloudFunction","name":"projects/mobile-app-2e4bb/locations/us-central1/functions/geocode","httpsTrigger":{},"status":"ACTIVE","entryPoint":"geocode","timeout":"60s","availableMemoryMb":256,"serviceAccountEmail":"mobile-app-2e4bb@appspot.gserviceaccount.com","updateTime":"2021-06-03T11:54:08.726Z","versionId":"1","labels":{"deployment-tool":"cli-firebase"},"sourceUploadUrl":"https://storage.googleapis.com/gcf-upload-us-central1-9eab85f4-1091-4919-ad8e-f9dc1db34030/5c072879-f9d1-45b8-a230-2860f94c0768.zip?GoogleAccessId=service-669833080773@gcf-admin-robot.iam.gserviceaccount.com&Expires=1634669903&Signature=hD1mKkhQqF0UYcR2W35DcSdrOBwchR8zE%2B4MyNTM9Kpm%2Bhob4J7AnR6KmBf%2BR7I9nK2nc74JTPFQmHc2ntA113ocn5vhea9IOjqPbLsczS6s0j%2Fggh1s4O4K1m368qNw8AyCGhUBKxE3H9IBnpAMo%2FbVHlGdimo3PF4QGRVMccMGFnmISqlbBBdZiFkHFG74yxBQ49ONtfRUtPKlk4ZtRuYf%2Fah3WnDyEU2QkDmqhWN%2FX%2B1bYqDdDuZhblYo%2FS29wmH63ljTl57anu8KqycNdsgb5zmiqeLSEQjSzdOXGh1rFjRAUyxIZnlHX%2BjN%2FXpUOjoUbVfkZzknYxhtBDx%2B%2BA%3D%3D","environmentVariables":{"FIREBASE_CONFIG":"{\"projectId\":\"mobile-app-2e4bb\",\"storageBucket\":\"mobile-app-2e4bb.appspot.com\"}","GCLOUD_PROJECT":"mobile-app-2e4bb"},"runtime":"nodejs12","ingressSettings":"ALLOW_ALL","buildId":"e900ad03-2c34-4c06-9fc7-ac53c3de2bee","buildName":"projects/669833080773/locations/us-central1/builds/e900ad03-2c34-4c06-9fc7-ac53c3de2bee"},"versionId":"18","updateTime":"2021-10-19T18:28:26Z","buildId":"0239e9c9-d172-4b12-9d94-529accc093e5","buildName":"projects/669833080773/locations/us-central1/builds/0239e9c9-d172-4b12-9d94-529accc093e5"}}
[debug] [2021-10-19T18:28:44.918Z] [update-projects/mobile-app-2e4bb/locations/us-central1/functions/geocode] Retrying task index 0
[debug] [2021-10-19T18:28:44.919Z] >>> [apiv2][query] GET https://cloudfunctions.googleapis.com/v1/operations/bW9iaWxlLWFwcC0yZTRiYi91cy1jZW50cmFsMS9nZW9jb2RlLy1CTWxLaFdRcnlj [none]
[debug] [2021-10-19T18:28:45.784Z] <<< [apiv2][status] GET https://cloudfunctions.googleapis.com/v1/operations/bW9iaWxlLWFwcC0yZTRiYi91cy1jZW50cmFsMS9nZW9jb2RlLy1CTWxLaFdRcnlj 200
[debug] [2021-10-19T18:28:45.785Z] <<< [apiv2][body] GET https://cloudfunctions.googleapis.com/v1/operations/bW9iaWxlLWFwcC0yZTRiYi91cy1jZW50cmFsMS9nZW9jb2RlLy1CTWxLaFdRcnlj {"name":"operations/bW9iaWxlLWFwcC0yZTRiYi91cy1jZW50cmFsMS9nZW9jb2RlLy1CTWxLaFdRcnlj","metadata":{"@type":"type.googleapis.com/google.cloud.functions.v1.OperationMetadataV1","target":"projects/mobile-app-2e4bb/locations/us-central1/functions/geocode","type":"UPDATE_FUNCTION","request":{"@type":"type.googleapis.com/google.cloud.functions.v1.CloudFunction","name":"projects/mobile-app-2e4bb/locations/us-central1/functions/geocode","httpsTrigger":{},"status":"ACTIVE","entryPoint":"geocode","timeout":"60s","availableMemoryMb":256,"serviceAccountEmail":"mobile-app-2e4bb@appspot.gserviceaccount.com","updateTime":"2021-06-03T11:54:08.726Z","versionId":"1","labels":{"deployment-tool":"cli-firebase"},"sourceUploadUrl":"https://storage.googleapis.com/gcf-upload-us-central1-9eab85f4-1091-4919-ad8e-f9dc1db34030/5c072879-f9d1-45b8-a230-2860f94c0768.zip?GoogleAccessId=service-669833080773@gcf-admin-robot.iam.gserviceaccount.com&Expires=1634669903&Signature=hD1mKkhQqF0UYcR2W35DcSdrOBwchR8zE%2B4MyNTM9Kpm%2Bhob4J7AnR6KmBf%2BR7I9nK2nc74JTPFQmHc2ntA113ocn5vhea9IOjqPbLsczS6s0j%2Fggh1s4O4K1m368qNw8AyCGhUBKxE3H9IBnpAMo%2FbVHlGdimo3PF4QGRVMccMGFnmISqlbBBdZiFkHFG74yxBQ49ONtfRUtPKlk4ZtRuYf%2Fah3WnDyEU2QkDmqhWN%2FX%2B1bYqDdDuZhblYo%2FS29wmH63ljTl57anu8KqycNdsgb5zmiqeLSEQjSzdOXGh1rFjRAUyxIZnlHX%2BjN%2FXpUOjoUbVfkZzknYxhtBDx%2B%2BA%3D%3D","environmentVariables":{"FIREBASE_CONFIG":"{\"projectId\":\"mobile-app-2e4bb\",\"storageBucket\":\"mobile-app-2e4bb.appspot.com\"}","GCLOUD_PROJECT":"mobile-app-2e4bb"},"runtime":"nodejs12","ingressSettings":"ALLOW_ALL","buildId":"e900ad03-2c34-4c06-9fc7-ac53c3de2bee","buildName":"projects/669833080773/locations/us-central1/builds/e900ad03-2c34-4c06-9fc7-ac53c3de2bee"},"versionId":"18","updateTime":"2021-10-19T18:28:26Z","buildId":"0239e9c9-d172-4b12-9d94-529accc093e5","buildName":"projects/669833080773/locations/us-central1/builds/0239e9c9-d172-4b12-9d94-529accc093e5"}}
[debug] [2021-10-19T18:29:01.788Z] [update-projects/mobile-app-2e4bb/locations/us-central1/functions/geocode] Retrying task index 0
[debug] [2021-10-19T18:29:01.788Z] >>> [apiv2][query] GET https://cloudfunctions.googleapis.com/v1/operations/bW9iaWxlLWFwcC0yZTRiYi91cy1jZW50cmFsMS9nZW9jb2RlLy1CTWxLaFdRcnlj [none]
[debug] [2021-10-19T18:29:02.663Z] <<< [apiv2][status] GET https://cloudfunctions.googleapis.com/v1/operations/bW9iaWxlLWFwcC0yZTRiYi91cy1jZW50cmFsMS9nZW9jb2RlLy1CTWxLaFdRcnlj 200
[debug] [2021-10-19T18:29:02.664Z] <<< [apiv2][body] GET https://cloudfunctions.googleapis.com/v1/operations/bW9iaWxlLWFwcC0yZTRiYi91cy1jZW50cmFsMS9nZW9jb2RlLy1CTWxLaFdRcnlj {"name":"operations/bW9iaWxlLWFwcC0yZTRiYi91cy1jZW50cmFsMS9nZW9jb2RlLy1CTWxLaFdRcnlj","metadata":{"@type":"type.googleapis.com/google.cloud.functions.v1.OperationMetadataV1","target":"projects/mobile-app-2e4bb/locations/us-central1/functions/geocode","type":"UPDATE_FUNCTION","request":{"@type":"type.googleapis.com/google.cloud.functions.v1.CloudFunction","name":"projects/mobile-app-2e4bb/locations/us-central1/functions/geocode","httpsTrigger":{},"status":"ACTIVE","entryPoint":"geocode","timeout":"60s","availableMemoryMb":256,"serviceAccountEmail":"mobile-app-2e4bb@appspot.gserviceaccount.com","updateTime":"2021-06-03T11:54:08.726Z","versionId":"1","labels":{"deployment-tool":"cli-firebase"},"sourceUploadUrl":"https://storage.googleapis.com/gcf-upload-us-central1-9eab85f4-1091-4919-ad8e-f9dc1db34030/5c072879-f9d1-45b8-a230-2860f94c0768.zip?GoogleAccessId=service-669833080773@gcf-admin-robot.iam.gserviceaccount.com&Expires=1634669903&Signature=hD1mKkhQqF0UYcR2W35DcSdrOBwchR8zE%2B4MyNTM9Kpm%2Bhob4J7AnR6KmBf%2BR7I9nK2nc74JTPFQmHc2ntA113ocn5vhea9IOjqPbLsczS6s0j%2Fggh1s4O4K1m368qNw8AyCGhUBKxE3H9IBnpAMo%2FbVHlGdimo3PF4QGRVMccMGFnmISqlbBBdZiFkHFG74yxBQ49ONtfRUtPKlk4ZtRuYf%2Fah3WnDyEU2QkDmqhWN%2FX%2B1bYqDdDuZhblYo%2FS29wmH63ljTl57anu8KqycNdsgb5zmiqeLSEQjSzdOXGh1rFjRAUyxIZnlHX%2BjN%2FXpUOjoUbVfkZzknYxhtBDx%2B%2BA%3D%3D","environmentVariables":{"FIREBASE_CONFIG":"{\"projectId\":\"mobile-app-2e4bb\",\"storageBucket\":\"mobile-app-2e4bb.appspot.com\"}","GCLOUD_PROJECT":"mobile-app-2e4bb"},"runtime":"nodejs12","ingressSettings":"ALLOW_ALL","buildId":"e900ad03-2c34-4c06-9fc7-ac53c3de2bee","buildName":"projects/669833080773/locations/us-central1/builds/e900ad03-2c34-4c06-9fc7-ac53c3de2bee"},"versionId":"18","updateTime":"2021-10-19T18:28:26Z","buildId":"0239e9c9-d172-4b12-9d94-529accc093e5","buildName":"projects/669833080773/locations/us-central1/builds/0239e9c9-d172-4b12-9d94-529accc093e5"}}
[debug] [2021-10-19T18:31:08.000Z] ----------------------------------------------------------------------
[debug] [2021-10-19T18:31:08.001Z] Command:       /Users/barbaramoahamed/.nvm/versions/node/v14.17.4/bin/node /Users/barbaramoahamed/.nvm/versions/node/v14.17.4/bin/firebase deploy
[debug] [2021-10-19T18:31:08.001Z] CLI Version:   9.20.0
[debug] [2021-10-19T18:31:08.001Z] Platform:      darwin
[debug] [2021-10-19T18:31:08.001Z] Node Version:  v14.17.4
[debug] [2021-10-19T18:31:08.001Z] Time:          Tue Oct 19 2021 21:31:08 GMT+0300 (Eastern European Summer Time)
[debug] [2021-10-19T18:31:08.001Z] ----------------------------------------------------------------------
[debug] 
[debug] [2021-10-19T18:31:08.033Z] > command requires scopes: ["email","openid","https://www.googleapis.com/auth/cloudplatformprojects.readonly","https://www.googleapis.com/auth/firebase","https://www.googleapis.com/auth/cloud-platform"]
[debug] [2021-10-19T18:31:08.033Z] > authorizing via signed-in user (bmoah001@gmail.com)
[debug] [2021-10-19T18:31:08.033Z] [iam] checking project mobile-app-2e4bb for permissions ["cloudfunctions.functions.create","cloudfunctions.functions.delete","cloudfunctions.functions.get","cloudfunctions.functions.list","cloudfunctions.functions.update","cloudfunctions.operations.get","firebase.projects.get"]
[debug] [2021-10-19T18:31:08.034Z] > refreshing access token with scopes: ["email","https://www.googleapis.com/auth/cloud-platform","https://www.googleapis.com/auth/cloudplatformprojects.readonly","https://www.googleapis.com/auth/firebase","openid"]
[debug] [2021-10-19T18:31:08.037Z] >>> HTTP REQUEST POST https://www.googleapis.com/oauth2/v3/token  
 <request body omitted>
[debug] [2021-10-19T18:31:08.643Z] <<< HTTP RESPONSE 200 {"cache-control":"no-cache, no-store, max-age=0, must-revalidate","pragma":"no-cache","date":"Tue, 19 Oct 2021 18:31:08 GMT","expires":"Mon, 01 Jan 1990 00:00:00 GMT","content-type":"application/json; charset=utf-8","vary":"X-Origin, Referer, Origin,Accept-Encoding","server":"scaffolding on HTTPServer2","x-xss-protection":"0","x-frame-options":"SAMEORIGIN","x-content-type-options":"nosniff","alt-svc":"h3=\":443\"; ma=2592000,h3-29=\":443\"; ma=2592000,h3-T051=\":443\"; ma=2592000,h3-Q050=\":443\"; ma=2592000,h3-Q046=\":443\"; ma=2592000,h3-Q043=\":443\"; ma=2592000,quic=\":443\"; ma=2592000; v=\"46,43\"","accept-ranges":"none","transfer-encoding":"chunked"}
[debug] [2021-10-19T18:31:08.696Z] >>> HTTP REQUEST POST https://cloudresourcemanager.googleapis.com/v1/projects/mobile-app-2e4bb:testIamPermissions  
 {"permissions":["cloudfunctions.functions.create","cloudfunctions.functions.delete","cloudfunctions.functions.get","cloudfunctions.functions.list","cloudfunctions.functions.update","cloudfunctions.operations.get","firebase.projects.get"]}
[debug] [2021-10-19T18:31:09.886Z] <<< HTTP RESPONSE 200 {"content-type":"application/json; charset=UTF-8","vary":"X-Origin, Referer, Origin,Accept-Encoding","date":"Tue, 19 Oct 2021 18:31:09 GMT","server":"ESF","cache-control":"private","x-xss-protection":"0","x-frame-options":"SAMEORIGIN","x-content-type-options":"nosniff","server-timing":"gfet4t7; dur=613","alt-svc":"h3=\":443\"; ma=2592000,h3-29=\":443\"; ma=2592000,h3-T051=\":443\"; ma=2592000,h3-Q050=\":443\"; ma=2592000,h3-Q046=\":443\"; ma=2592000,h3-Q043=\":443\"; ma=2592000,quic=\":443\"; ma=2592000; v=\"46,43\"","accept-ranges":"none","transfer-encoding":"chunked"}
[debug] [2021-10-19T18:31:09.889Z] >>> HTTP REQUEST POST https://iam.googleapis.com/v1/projects/mobile-app-2e4bb/serviceAccounts/mobile-app-2e4bb@appspot.gserviceaccount.com:testIamPermissions  
 {"permissions":["iam.serviceAccounts.actAs"]}
[debug] [2021-10-19T18:31:10.726Z] <<< HTTP RESPONSE 200 {"content-type":"application/json; charset=UTF-8","vary":"X-Origin, Referer, Origin,Accept-Encoding","date":"Tue, 19 Oct 2021 18:31:10 GMT","server":"ESF","cache-control":"private","x-xss-protection":"0","x-frame-options":"SAMEORIGIN","x-content-type-options":"nosniff","alt-svc":"h3=\":443\"; ma=2592000,h3-29=\":443\"; ma=2592000,h3-T051=\":443\"; ma=2592000,h3-Q050=\":443\"; ma=2592000,h3-Q046=\":443\"; ma=2592000,h3-Q043=\":443\"; ma=2592000,quic=\":443\"; ma=2592000; v=\"46,43\"","accept-ranges":"none","transfer-encoding":"chunked"}
[info] 
[info] === Deploying to 'mobile-app-2e4bb'...
[info] 
[info] i  deploying functions 
[debug] [2021-10-19T18:31:10.734Z] Validating nodejs source
[warn] ⚠  functions: package.json indicates an outdated version of firebase-functions.
Please upgrade using npm install --save firebase-functions@latest in your functions directory. 
[debug] [2021-10-19T18:31:12.186Z] > [functions] package.json contents: {
  "name": "functions",
  "description": "Cloud Functions for Firebase",
  "scripts": {
    "serve": "firebase emulators:start --only functions",
    "shell": "firebase functions:shell",
    "start": "npm run shell",
    "deploy": "firebase deploy --only functions",
    "logs": "firebase functions:log"
  },
  "engines": {
    "node": "12"
  },
  "main": "index.js",
  "dependencies": {
    "firebase-admin": "^9.8.0",
    "firebase-functions": "^3.14.1"
  },
  "devDependencies": {
    "firebase-functions-test": "^0.2.0"
  },
  "private": true
}
[debug] [2021-10-19T18:31:12.186Z] Building nodejs source
[info] i  functions: ensuring required API cloudfunctions.googleapis.com is enabled... 
[info] i  functions: ensuring required API cloudbuild.googleapis.com is enabled... 
[debug] [2021-10-19T18:31:12.187Z] >>> HTTP REQUEST GET https://serviceusage.googleapis.com/v1/projects/mobile-app-2e4bb/services/cloudfunctions.googleapis.com  
 
[debug] [2021-10-19T18:31:12.187Z] >>> HTTP REQUEST GET https://serviceusage.googleapis.com/v1/projects/mobile-app-2e4bb/services/runtimeconfig.googleapis.com  
 
[debug] [2021-10-19T18:31:12.187Z] >>> HTTP REQUEST GET https://serviceusage.googleapis.com/v1/projects/mobile-app-2e4bb/services/cloudbuild.googleapis.com  
 
[debug] [2021-10-19T18:31:13.688Z] <<< HTTP RESPONSE 200 {"content-type":"application/json; charset=UTF-8","vary":"X-Origin, Referer, Origin,Accept-Encoding","date":"Tue, 19 Oct 2021 18:31:13 GMT","server":"ESF","cache-control":"private","x-xss-protection":"0","x-frame-options":"SAMEORIGIN","x-content-type-options":"nosniff","alt-svc":"h3=\":443\"; ma=2592000,h3-29=\":443\"; ma=2592000,h3-T051=\":443\"; ma=2592000,h3-Q050=\":443\"; ma=2592000,h3-Q046=\":443\"; ma=2592000,h3-Q043=\":443\"; ma=2592000,quic=\":443\"; ma=2592000; v=\"46,43\"","accept-ranges":"none","transfer-encoding":"chunked"}
[debug] [2021-10-19T18:31:13.868Z] <<< HTTP RESPONSE 200 {"content-type":"application/json; charset=UTF-8","vary":"X-Origin, Referer, Origin,Accept-Encoding","date":"Tue, 19 Oct 2021 18:31:13 GMT","server":"ESF","cache-control":"private","x-xss-protection":"0","x-frame-options":"SAMEORIGIN","x-content-type-options":"nosniff","alt-svc":"h3=\":443\"; ma=2592000,h3-29=\":443\"; ma=2592000,h3-T051=\":443\"; ma=2592000,h3-Q050=\":443\"; ma=2592000,h3-Q046=\":443\"; ma=2592000,h3-Q043=\":443\"; ma=2592000,quic=\":443\"; ma=2592000; v=\"46,43\"","accept-ranges":"none","transfer-encoding":"chunked"}
[info] ✔  functions: required API cloudbuild.googleapis.com is enabled 
[debug] [2021-10-19T18:31:13.886Z] <<< HTTP RESPONSE 200 {"content-type":"application/json; charset=UTF-8","vary":"X-Origin, Referer, Origin,Accept-Encoding","date":"Tue, 19 Oct 2021 18:31:13 GMT","server":"ESF","cache-control":"private","x-xss-protection":"0","x-frame-options":"SAMEORIGIN","x-content-type-options":"nosniff","alt-svc":"h3=\":443\"; ma=2592000,h3-29=\":443\"; ma=2592000,h3-T051=\":443\"; ma=2592000,h3-Q050=\":443\"; ma=2592000,h3-Q046=\":443\"; ma=2592000,h3-Q043=\":443\"; ma=2592000,quic=\":443\"; ma=2592000; v=\"46,43\"","accept-ranges":"none","transfer-encoding":"chunked"}
[info] ✔  functions: required API cloudfunctions.googleapis.com is enabled 
[debug] [2021-10-19T18:31:13.888Z] >>> HTTP REQUEST GET https://firebase.googleapis.com/v1beta1/projects/mobile-app-2e4bb/adminSdkConfig  
 
[debug] [2021-10-19T18:31:14.385Z] <<< HTTP RESPONSE 200 {"content-type":"application/json; charset=UTF-8","vary":"X-Origin, Referer, Origin,Accept-Encoding","date":"Tue, 19 Oct 2021 18:31:14 GMT","server":"ESF","cache-control":"private","x-xss-protection":"0","x-frame-options":"SAMEORIGIN","x-content-type-options":"nosniff","alt-svc":"h3=\":443\"; ma=2592000,h3-29=\":443\"; ma=2592000,h3-T051=\":443\"; ma=2592000,h3-Q050=\":443\"; ma=2592000,h3-Q046=\":443\"; ma=2592000,h3-Q043=\":443\"; ma=2592000,quic=\":443\"; ma=2592000; v=\"46,43\"","accept-ranges":"none","transfer-encoding":"chunked"}
[debug] [2021-10-19T18:31:14.388Z] >>> HTTP REQUEST GET https://runtimeconfig.googleapis.com/v1beta1/projects/mobile-app-2e4bb/configs  
 
[debug] [2021-10-19T18:31:15.247Z] <<< HTTP RESPONSE 200 {"content-type":"application/json; charset=UTF-8","vary":"X-Origin, Referer, Origin,Accept-Encoding","date":"Tue, 19 Oct 2021 18:31:15 GMT","server":"ESF","cache-control":"private","x-xss-protection":"0","x-frame-options":"SAMEORIGIN","x-content-type-options":"nosniff","alt-svc":"h3=\":443\"; ma=2592000,h3-29=\":443\"; ma=2592000,h3-T051=\":443\"; ma=2592000,h3-Q050=\":443\"; ma=2592000,h3-Q046=\":443\"; ma=2592000,h3-Q043=\":443\"; ma=2592000,quic=\":443\"; ma=2592000; v=\"46,43\"","accept-ranges":"none","transfer-encoding":"chunked"}
[debug] [2021-10-19T18:31:15.249Z] >>> HTTP REQUEST GET https://runtimeconfig.googleapis.com/v1beta1/projects/mobile-app-2e4bb/configs/google/variables  
 
[debug] [2021-10-19T18:31:15.837Z] <<< HTTP RESPONSE 200 {"content-type":"application/json; charset=UTF-8","vary":"X-Origin, Referer, Origin,Accept-Encoding","date":"Tue, 19 Oct 2021 18:31:15 GMT","server":"ESF","cache-control":"private","x-xss-protection":"0","x-frame-options":"SAMEORIGIN","x-content-type-options":"nosniff","alt-svc":"h3=\":443\"; ma=2592000,h3-29=\":443\"; ma=2592000,h3-T051=\":443\"; ma=2592000,h3-Q050=\":443\"; ma=2592000,h3-Q046=\":443\"; ma=2592000,h3-Q043=\":443\"; ma=2592000,quic=\":443\"; ma=2592000; v=\"46,43\"","accept-ranges":"none","transfer-encoding":"chunked"}
[debug] [2021-10-19T18:31:15.839Z] >>> HTTP REQUEST GET https://runtimeconfig.googleapis.com/v1beta1/projects/mobile-app-2e4bb/configs/google/variables/key  
 
[debug] [2021-10-19T18:31:16.354Z] <<< HTTP RESPONSE 200 {"content-type":"application/json; charset=UTF-8","vary":"X-Origin, Referer, Origin,Accept-Encoding","date":"Tue, 19 Oct 2021 18:31:16 GMT","server":"ESF","cache-control":"private","x-xss-protection":"0","x-frame-options":"SAMEORIGIN","x-content-type-options":"nosniff","alt-svc":"h3=\":443\"; ma=2592000,h3-29=\":443\"; ma=2592000,h3-T051=\":443\"; ma=2592000,h3-Q050=\":443\"; ma=2592000,h3-Q046=\":443\"; ma=2592000,h3-Q043=\":443\"; ma=2592000,quic=\":443\"; ma=2592000; v=\"46,43\"","accept-ranges":"none","transfer-encoding":"chunked"}
[debug] [2021-10-19T18:31:16.359Z] Analyzing nodejs backend spec
[info] i  functions: preparing functions directory for uploading... 
[info] i  functions: packaged functions (69.83 KB) for uploading 
[debug] [2021-10-19T18:31:16.505Z] >>> HTTP REQUEST GET https://cloudfunctions.googleapis.com/v1/projects/mobile-app-2e4bb/locations/-/functions  
 
[debug] [2021-10-19T18:31:18.496Z] <<< HTTP RESPONSE 200 {"content-type":"application/json; charset=UTF-8","vary":"X-Origin, Referer, Origin,Accept-Encoding","date":"Tue, 19 Oct 2021 18:31:18 GMT","server":"ESF","cache-control":"private","x-xss-protection":"0","x-frame-options":"SAMEORIGIN","x-content-type-options":"nosniff","alt-svc":"h3=\":443\"; ma=2592000,h3-29=\":443\"; ma=2592000,h3-T051=\":443\"; ma=2592000,h3-Q050=\":443\"; ma=2592000,h3-Q046=\":443\"; ma=2592000,h3-Q043=\":443\"; ma=2592000,quic=\":443\"; ma=2592000; v=\"46,43\"","accept-ranges":"none","transfer-encoding":"chunked"}
[debug] [2021-10-19T18:31:18.500Z] >>> HTTP REQUEST POST https://cloudfunctions.googleapis.com/v1/projects/mobile-app-2e4bb/locations/us-central1/functions:generateUploadUrl  
 
[debug] [2021-10-19T18:31:19.277Z] <<< HTTP RESPONSE 200 {"content-type":"application/json; charset=UTF-8","vary":"X-Origin, Referer, Origin,Accept-Encoding","date":"Tue, 19 Oct 2021 18:31:19 GMT","server":"ESF","cache-control":"private","x-xss-protection":"0","x-frame-options":"SAMEORIGIN","x-content-type-options":"nosniff","alt-svc":"h3=\":443\"; ma=2592000,h3-29=\":443\"; ma=2592000,h3-T051=\":443\"; ma=2592000,h3-Q050=\":443\"; ma=2592000,h3-Q046=\":443\"; ma=2592000,h3-Q043=\":443\"; ma=2592000,quic=\":443\"; ma=2592000; v=\"46,43\"","accept-ranges":"none","transfer-encoding":"chunked"}
[debug] [2021-10-19T18:31:19.280Z] >>> HTTP REQUEST PUT https://storage.googleapis.com/gcf-upload-us-central1-9eab85f4-1091-4919-ad8e-f9dc1db34030/68537230-50ae-455c-8140-da3f68b13d88.zip?GoogleAccessId=service-669833080773@gcf-admin-robot.iam.gserviceaccount.com&Expires=1634670079&Signature=Yy1lXgMAMSUWWhibsnSVuDJtSzszcP8KTqXy6BEafEdD%2BmBsBU0RozCjruwYDE69IJYlY%2FSCYvuK7GnxDQ6uU30H5cU%2FEI104hwR26xHZeKCKgfBTIb12ISArwJ96X5Pa9AXOC49P2fa8iNOqfn38Z5z7aSA9%2BM%2FCGtG5YfNgwmk8R3pG4W%2Fdc5Mtre7et9Slay1e4atVX9TcBdlxzopoypyD7MjH4COARBklTlUtFDlmTIG6R1d6pkkNRYhlNnCrohevA4gKTP1bcbzzg1xEhtRahuhEVRGdqEW2xuD28K52yF%2FOcG6KqFpOcuNQpt2MRFfNfIMYx1o35fU4BWgIw%3D%3D  
 <request body omitted>
[debug] [2021-10-19T18:31:21.642Z] <<< HTTP RESPONSE 200 {"x-guploader-uploadid":"ADPycdu1YbQ8h8sRoIwWoOzM2-_iXW140wF9GEdxrMZZ7CgGRkA-uwbG8_iMn5TP3PO1FlfifF6nebApwEZCDXaVQw","etag":"\"f5e69327e24ac587a4f4f9578d5d8a0c\"","x-goog-generation":"1634668281649601","x-goog-metageneration":"1","x-goog-hash":"crc32c=2Db0kQ==, md5=9eaTJ+JKxYek9PlXjV2KDA==","x-goog-stored-content-length":"71501","x-goog-stored-content-encoding":"identity","vary":"Origin","content-length":"0","date":"Tue, 19 Oct 2021 18:31:21 GMT","server":"UploadServer","content-type":"text/html; charset=UTF-8","alt-svc":"h3=\":443\"; ma=2592000,h3-29=\":443\"; ma=2592000,h3-T051=\":443\"; ma=2592000,h3-Q050=\":443\"; ma=2592000,h3-Q046=\":443\"; ma=2592000,h3-Q043=\":443\"; ma=2592000,quic=\":443\"; ma=2592000; v=\"46,43\""}
[info] ✔  functions: functions folder uploaded successfully 
[info] i  functions: updating Node.js 12 function geocode(us-central1)... 
[debug] [2021-10-19T18:31:21.651Z] >>> HTTP REQUEST PATCH https://cloudfunctions.googleapis.com/v1/projects/mobile-app-2e4bb/locations/us-central1/functions/geocode {"updateMask":"name,sourceUploadUrl,entryPoint,runtime,httpsTrigger,labels,environmentVariables"} 
 {"name":"projects/mobile-app-2e4bb/locations/us-central1/functions/geocode","sourceUploadUrl":"https://storage.googleapis.com/gcf-upload-us-central1-9eab85f4-1091-4919-ad8e-f9dc1db34030/68537230-50ae-455c-8140-da3f68b13d88.zip?GoogleAccessId=service-669833080773@gcf-admin-robot.iam.gserviceaccount.com&Expires=1634670079&Signature=Yy1lXgMAMSUWWhibsnSVuDJtSzszcP8KTqXy6BEafEdD%2BmBsBU0RozCjruwYDE69IJYlY%2FSCYvuK7GnxDQ6uU30H5cU%2FEI104hwR26xHZeKCKgfBTIb12ISArwJ96X5Pa9AXOC49P2fa8iNOqfn38Z5z7aSA9%2BM%2FCGtG5YfNgwmk8R3pG4W%2Fdc5Mtre7et9Slay1e4atVX9TcBdlxzopoypyD7MjH4COARBklTlUtFDlmTIG6R1d6pkkNRYhlNnCrohevA4gKTP1bcbzzg1xEhtRahuhEVRGdqEW2xuD28K52yF%2FOcG6KqFpOcuNQpt2MRFfNfIMYx1o35fU4BWgIw%3D%3D","entryPoint":"geocode","runtime":"nodejs12","httpsTrigger":{},"labels":{"deployment-tool":"cli-firebase"},"environmentVariables":{"FIREBASE_CONFIG":"{\"projectId\":\"mobile-app-2e4bb\",\"storageBucket\":\"mobile-app-2e4bb.appspot.com\"}","GCLOUD_PROJECT":"mobile-app-2e4bb"}}
[debug] [2021-10-19T18:31:22.273Z] <<< HTTP RESPONSE 200 {"content-type":"application/json; charset=UTF-8","vary":"X-Origin, Referer, Origin,Accept-Encoding","date":"Tue, 19 Oct 2021 18:31:22 GMT","server":"ESF","cache-control":"private","x-xss-protection":"0","x-frame-options":"SAMEORIGIN","x-content-type-options":"nosniff","alt-svc":"h3=\":443\"; ma=2592000,h3-29=\":443\"; ma=2592000,h3-T051=\":443\"; ma=2592000,h3-Q050=\":443\"; ma=2592000,h3-Q046=\":443\"; ma=2592000,h3-Q043=\":443\"; ma=2592000,quic=\":443\"; ma=2592000; v=\"46,43\"","accept-ranges":"none","transfer-encoding":"chunked"}
[debug] [2021-10-19T18:31:22.277Z] > refreshing access token with scopes: []
[debug] [2021-10-19T18:31:22.277Z] >>> HTTP REQUEST POST https://www.googleapis.com/oauth2/v3/token  
 <request body omitted>
[debug] [2021-10-19T18:31:22.589Z] <<< HTTP RESPONSE 200 {"cache-control":"no-cache, no-store, max-age=0, must-revalidate","pragma":"no-cache","date":"Tue, 19 Oct 2021 18:31:22 GMT","expires":"Mon, 01 Jan 1990 00:00:00 GMT","content-type":"application/json; charset=utf-8","vary":"X-Origin, Referer, Origin,Accept-Encoding","server":"scaffolding on HTTPServer2","x-xss-protection":"0","x-frame-options":"SAMEORIGIN","x-content-type-options":"nosniff","alt-svc":"h3=\":443\"; ma=2592000,h3-29=\":443\"; ma=2592000,h3-T051=\":443\"; ma=2592000,h3-Q050=\":443\"; ma=2592000,h3-Q046=\":443\"; ma=2592000,h3-Q043=\":443\"; ma=2592000,quic=\":443\"; ma=2592000; v=\"46,43\"","accept-ranges":"none","transfer-encoding":"chunked"}
[debug] [2021-10-19T18:31:22.635Z] >>> [apiv2][query] GET https://cloudfunctions.googleapis.com/v1/operations/bW9iaWxlLWFwcC0yZTRiYi91cy1jZW50cmFsMS9nZW9jb2RlL29iWWhYaUxud3U4 [none]
[debug] [2021-10-19T18:31:23.075Z] <<< [apiv2][status] GET https://cloudfunctions.googleapis.com/v1/operations/bW9iaWxlLWFwcC0yZTRiYi91cy1jZW50cmFsMS9nZW9jb2RlL29iWWhYaUxud3U4 200
[debug] [2021-10-19T18:31:23.075Z] <<< [apiv2][body] GET https://cloudfunctions.googleapis.com/v1/operations/bW9iaWxlLWFwcC0yZTRiYi91cy1jZW50cmFsMS9nZW9jb2RlL29iWWhYaUxud3U4 {"name":"operations/bW9iaWxlLWFwcC0yZTRiYi91cy1jZW50cmFsMS9nZW9jb2RlL29iWWhYaUxud3U4","metadata":{"@type":"type.googleapis.com/google.cloud.functions.v1.OperationMetadataV1","target":"projects/mobile-app-2e4bb/locations/us-central1/functions/geocode","type":"UPDATE_FUNCTION","request":{"@type":"type.googleapis.com/google.cloud.functions.v1.CloudFunction","name":"projects/mobile-app-2e4bb/locations/us-central1/functions/geocode","httpsTrigger":{},"status":"ACTIVE","entryPoint":"geocode","timeout":"60s","availableMemoryMb":256,"serviceAccountEmail":"mobile-app-2e4bb@appspot.gserviceaccount.com","updateTime":"2021-06-03T11:54:08.726Z","versionId":"1","labels":{"deployment-tool":"cli-firebase"},"sourceUploadUrl":"https://storage.googleapis.com/gcf-upload-us-central1-9eab85f4-1091-4919-ad8e-f9dc1db34030/68537230-50ae-455c-8140-da3f68b13d88.zip?GoogleAccessId=service-669833080773@gcf-admin-robot.iam.gserviceaccount.com&Expires=1634670079&Signature=Yy1lXgMAMSUWWhibsnSVuDJtSzszcP8KTqXy6BEafEdD%2BmBsBU0RozCjruwYDE69IJYlY%2FSCYvuK7GnxDQ6uU30H5cU%2FEI104hwR26xHZeKCKgfBTIb12ISArwJ96X5Pa9AXOC49P2fa8iNOqfn38Z5z7aSA9%2BM%2FCGtG5YfNgwmk8R3pG4W%2Fdc5Mtre7et9Slay1e4atVX9TcBdlxzopoypyD7MjH4COARBklTlUtFDlmTIG6R1d6pkkNRYhlNnCrohevA4gKTP1bcbzzg1xEhtRahuhEVRGdqEW2xuD28K52yF%2FOcG6KqFpOcuNQpt2MRFfNfIMYx1o35fU4BWgIw%3D%3D","environmentVariables":{"FIREBASE_CONFIG":"{\"projectId\":\"mobile-app-2e4bb\",\"storageBucket\":\"mobile-app-2e4bb.appspot.com\"}","GCLOUD_PROJECT":"mobile-app-2e4bb"},"runtime":"nodejs12","ingressSettings":"ALLOW_ALL","buildId":"e900ad03-2c34-4c06-9fc7-ac53c3de2bee","buildName":"projects/669833080773/locations/us-central1/builds/e900ad03-2c34-4c06-9fc7-ac53c3de2bee"},"versionId":"19","updateTime":"2021-10-19T18:31:22Z","buildName":"projects/669833080773/locations/us-central1/builds/e900ad03-2c34-4c06-9fc7-ac53c3de2bee"}}
[debug] [2021-10-19T18:31:23.581Z] [update-projects/mobile-app-2e4bb/locations/us-central1/functions/geocode] Retrying task index 0
[debug] [2021-10-19T18:31:23.581Z] >>> [apiv2][query] GET https://cloudfunctions.googleapis.com/v1/operations/bW9iaWxlLWFwcC0yZTRiYi91cy1jZW50cmFsMS9nZW9jb2RlL29iWWhYaUxud3U4 [none]
[debug] [2021-10-19T18:31:24.031Z] <<< [apiv2][status] GET https://cloudfunctions.googleapis.com/v1/operations/bW9iaWxlLWFwcC0yZTRiYi91cy1jZW50cmFsMS9nZW9jb2RlL29iWWhYaUxud3U4 200
[debug] [2021-10-19T18:31:24.031Z] <<< [apiv2][body] GET https://cloudfunctions.googleapis.com/v1/operations/bW9iaWxlLWFwcC0yZTRiYi91cy1jZW50cmFsMS9nZW9jb2RlL29iWWhYaUxud3U4 {"name":"operations/bW9iaWxlLWFwcC0yZTRiYi91cy1jZW50cmFsMS9nZW9jb2RlL29iWWhYaUxud3U4","metadata":{"@type":"type.googleapis.com/google.cloud.functions.v1.OperationMetadataV1","target":"projects/mobile-app-2e4bb/locations/us-central1/functions/geocode","type":"UPDATE_FUNCTION","request":{"@type":"type.googleapis.com/google.cloud.functions.v1.CloudFunction","name":"projects/mobile-app-2e4bb/locations/us-central1/functions/geocode","httpsTrigger":{},"status":"ACTIVE","entryPoint":"geocode","timeout":"60s","availableMemoryMb":256,"serviceAccountEmail":"mobile-app-2e4bb@appspot.gserviceaccount.com","updateTime":"2021-06-03T11:54:08.726Z","versionId":"1","labels":{"deployment-tool":"cli-firebase"},"sourceUploadUrl":"https://storage.googleapis.com/gcf-upload-us-central1-9eab85f4-1091-4919-ad8e-f9dc1db34030/68537230-50ae-455c-8140-da3f68b13d88.zip?GoogleAccessId=service-669833080773@gcf-admin-robot.iam.gserviceaccount.com&Expires=1634670079&Signature=Yy1lXgMAMSUWWhibsnSVuDJtSzszcP8KTqXy6BEafEdD%2BmBsBU0RozCjruwYDE69IJYlY%2FSCYvuK7GnxDQ6uU30H5cU%2FEI104hwR26xHZeKCKgfBTIb12ISArwJ96X5Pa9AXOC49P2fa8iNOqfn38Z5z7aSA9%2BM%2FCGtG5YfNgwmk8R3pG4W%2Fdc5Mtre7et9Slay1e4atVX9TcBdlxzopoypyD7MjH4COARBklTlUtFDlmTIG6R1d6pkkNRYhlNnCrohevA4gKTP1bcbzzg1xEhtRahuhEVRGdqEW2xuD28K52yF%2FOcG6KqFpOcuNQpt2MRFfNfIMYx1o35fU4BWgIw%3D%3D","environmentVariables":{"FIREBASE_CONFIG":"{\"projectId\":\"mobile-app-2e4bb\",\"storageBucket\":\"mobile-app-2e4bb.appspot.com\"}","GCLOUD_PROJECT":"mobile-app-2e4bb"},"runtime":"nodejs12","ingressSettings":"ALLOW_ALL","buildId":"e900ad03-2c34-4c06-9fc7-ac53c3de2bee","buildName":"projects/669833080773/locations/us-central1/builds/e900ad03-2c34-4c06-9fc7-ac53c3de2bee"},"versionId":"19","updateTime":"2021-10-19T18:31:22Z","buildId":"f277842b-1205-43bf-8ac8-c99111d8b779","buildName":"projects/669833080773/locations/us-central1/builds/f277842b-1205-43bf-8ac8-c99111d8b779"}}
[debug] [2021-10-19T18:31:25.032Z] [update-projects/mobile-app-2e4bb/locations/us-central1/functions/geocode] Retrying task index 0
[debug] [2021-10-19T18:31:25.033Z] >>> [apiv2][query] GET https://cloudfunctions.googleapis.com/v1/operations/bW9iaWxlLWFwcC0yZTRiYi91cy1jZW50cmFsMS9nZW9jb2RlL29iWWhYaUxud3U4 [none]
[debug] [2021-10-19T18:31:25.558Z] <<< [apiv2][status] GET https://cloudfunctions.googleapis.com/v1/operations/bW9iaWxlLWFwcC0yZTRiYi91cy1jZW50cmFsMS9nZW9jb2RlL29iWWhYaUxud3U4 200
[debug] [2021-10-19T18:31:25.559Z] <<< [apiv2][body] GET https://cloudfunctions.googleapis.com/v1/operations/bW9iaWxlLWFwcC0yZTRiYi91cy1jZW50cmFsMS9nZW9jb2RlL29iWWhYaUxud3U4 {"name":"operations/bW9iaWxlLWFwcC0yZTRiYi91cy1jZW50cmFsMS9nZW9jb2RlL29iWWhYaUxud3U4","metadata":{"@type":"type.googleapis.com/google.cloud.functions.v1.OperationMetadataV1","target":"projects/mobile-app-2e4bb/locations/us-central1/functions/geocode","type":"UPDATE_FUNCTION","request":{"@type":"type.googleapis.com/google.cloud.functions.v1.CloudFunction","name":"projects/mobile-app-2e4bb/locations/us-central1/functions/geocode","httpsTrigger":{},"status":"ACTIVE","entryPoint":"geocode","timeout":"60s","availableMemoryMb":256,"serviceAccountEmail":"mobile-app-2e4bb@appspot.gserviceaccount.com","updateTime":"2021-06-03T11:54:08.726Z","versionId":"1","labels":{"deployment-tool":"cli-firebase"},"sourceUploadUrl":"https://storage.googleapis.com/gcf-upload-us-central1-9eab85f4-1091-4919-ad8e-f9dc1db34030/68537230-50ae-455c-8140-da3f68b13d88.zip?GoogleAccessId=service-669833080773@gcf-admin-robot.iam.gserviceaccount.com&Expires=1634670079&Signature=Yy1lXgMAMSUWWhibsnSVuDJtSzszcP8KTqXy6BEafEdD%2BmBsBU0RozCjruwYDE69IJYlY%2FSCYvuK7GnxDQ6uU30H5cU%2FEI104hwR26xHZeKCKgfBTIb12ISArwJ96X5Pa9AXOC49P2fa8iNOqfn38Z5z7aSA9%2BM%2FCGtG5YfNgwmk8R3pG4W%2Fdc5Mtre7et9Slay1e4atVX9TcBdlxzopoypyD7MjH4COARBklTlUtFDlmTIG6R1d6pkkNRYhlNnCrohevA4gKTP1bcbzzg1xEhtRahuhEVRGdqEW2xuD28K52yF%2FOcG6KqFpOcuNQpt2MRFfNfIMYx1o35fU4BWgIw%3D%3D","environmentVariables":{"FIREBASE_CONFIG":"{\"projectId\":\"mobile-app-2e4bb\",\"storageBucket\":\"mobile-app-2e4bb.appspot.com\"}","GCLOUD_PROJECT":"mobile-app-2e4bb"},"runtime":"nodejs12","ingressSettings":"ALLOW_ALL","buildId":"e900ad03-2c34-4c06-9fc7-ac53c3de2bee","buildName":"projects/669833080773/locations/us-central1/builds/e900ad03-2c34-4c06-9fc7-ac53c3de2bee"},"versionId":"19","updateTime":"2021-10-19T18:31:22Z","buildId":"f277842b-1205-43bf-8ac8-c99111d8b779","buildName":"projects/669833080773/locations/us-central1/builds/f277842b-1205-43bf-8ac8-c99111d8b779"}}
[debug] [2021-10-19T18:31:27.565Z] [update-projects/mobile-app-2e4bb/locations/us-central1/functions/geocode] Retrying task index 0
[debug] [2021-10-19T18:31:27.566Z] >>> [apiv2][query] GET https://cloudfunctions.googleapis.com/v1/operations/bW9iaWxlLWFwcC0yZTRiYi91cy1jZW50cmFsMS9nZW9jb2RlL29iWWhYaUxud3U4 [none]
[debug] [2021-10-19T18:31:28.013Z] <<< [apiv2][status] GET https://cloudfunctions.googleapis.com/v1/operations/bW9iaWxlLWFwcC0yZTRiYi91cy1jZW50cmFsMS9nZW9jb2RlL29iWWhYaUxud3U4 200
[debug] [2021-10-19T18:31:28.013Z] <<< [apiv2][body] GET https://cloudfunctions.googleapis.com/v1/operations/bW9iaWxlLWFwcC0yZTRiYi91cy1jZW50cmFsMS9nZW9jb2RlL29iWWhYaUxud3U4 {"name":"operations/bW9iaWxlLWFwcC0yZTRiYi91cy1jZW50cmFsMS9nZW9jb2RlL29iWWhYaUxud3U4","metadata":{"@type":"type.googleapis.com/google.cloud.functions.v1.OperationMetadataV1","target":"projects/mobile-app-2e4bb/locations/us-central1/functions/geocode","type":"UPDATE_FUNCTION","request":{"@type":"type.googleapis.com/google.cloud.functions.v1.CloudFunction","name":"projects/mobile-app-2e4bb/locations/us-central1/functions/geocode","httpsTrigger":{},"status":"ACTIVE","entryPoint":"geocode","timeout":"60s","availableMemoryMb":256,"serviceAccountEmail":"mobile-app-2e4bb@appspot.gserviceaccount.com","updateTime":"2021-06-03T11:54:08.726Z","versionId":"1","labels":{"deployment-tool":"cli-firebase"},"sourceUploadUrl":"https://storage.googleapis.com/gcf-upload-us-central1-9eab85f4-1091-4919-ad8e-f9dc1db34030/68537230-50ae-455c-8140-da3f68b13d88.zip?GoogleAccessId=service-669833080773@gcf-admin-robot.iam.gserviceaccount.com&Expires=1634670079&Signature=Yy1lXgMAMSUWWhibsnSVuDJtSzszcP8KTqXy6BEafEdD%2BmBsBU0RozCjruwYDE69IJYlY%2FSCYvuK7GnxDQ6uU30H5cU%2FEI104hwR26xHZeKCKgfBTIb12ISArwJ96X5Pa9AXOC49P2fa8iNOqfn38Z5z7aSA9%2BM%2FCGtG5YfNgwmk8R3pG4W%2Fdc5Mtre7et9Slay1e4atVX9TcBdlxzopoypyD7MjH4COARBklTlUtFDlmTIG6R1d6pkkNRYhlNnCrohevA4gKTP1bcbzzg1xEhtRahuhEVRGdqEW2xuD28K52yF%2FOcG6KqFpOcuNQpt2MRFfNfIMYx1o35fU4BWgIw%3D%3D","environmentVariables":{"FIREBASE_CONFIG":"{\"projectId\":\"mobile-app-2e4bb\",\"storageBucket\":\"mobile-app-2e4bb.appspot.com\"}","GCLOUD_PROJECT":"mobile-app-2e4bb"},"runtime":"nodejs12","ingressSettings":"ALLOW_ALL","buildId":"e900ad03-2c34-4c06-9fc7-ac53c3de2bee","buildName":"projects/669833080773/locations/us-central1/builds/e900ad03-2c34-4c06-9fc7-ac53c3de2bee"},"versionId":"19","updateTime":"2021-10-19T18:31:22Z","buildId":"f277842b-1205-43bf-8ac8-c99111d8b779","buildName":"projects/669833080773/locations/us-central1/builds/f277842b-1205-43bf-8ac8-c99111d8b779"}}
[debug] [2021-10-19T18:31:32.017Z] [update-projects/mobile-app-2e4bb/locations/us-central1/functions/geocode] Retrying task index 0
[debug] [2021-10-19T18:31:32.018Z] >>> [apiv2][query] GET https://cloudfunctions.googleapis.com/v1/operations/bW9iaWxlLWFwcC0yZTRiYi91cy1jZW50cmFsMS9nZW9jb2RlL29iWWhYaUxud3U4 [none]
[debug] [2021-10-19T18:31:32.439Z] <<< [apiv2][status] GET https://cloudfunctions.googleapis.com/v1/operations/bW9iaWxlLWFwcC0yZTRiYi91cy1jZW50cmFsMS9nZW9jb2RlL29iWWhYaUxud3U4 200
[debug] [2021-10-19T18:31:32.439Z] <<< [apiv2][body] GET https://cloudfunctions.googleapis.com/v1/operations/bW9iaWxlLWFwcC0yZTRiYi91cy1jZW50cmFsMS9nZW9jb2RlL29iWWhYaUxud3U4 {"name":"operations/bW9iaWxlLWFwcC0yZTRiYi91cy1jZW50cmFsMS9nZW9jb2RlL29iWWhYaUxud3U4","metadata":{"@type":"type.googleapis.com/google.cloud.functions.v1.OperationMetadataV1","target":"projects/mobile-app-2e4bb/locations/us-central1/functions/geocode","type":"UPDATE_FUNCTION","request":{"@type":"type.googleapis.com/google.cloud.functions.v1.CloudFunction","name":"projects/mobile-app-2e4bb/locations/us-central1/functions/geocode","httpsTrigger":{},"status":"ACTIVE","entryPoint":"geocode","timeout":"60s","availableMemoryMb":256,"serviceAccountEmail":"mobile-app-2e4bb@appspot.gserviceaccount.com","updateTime":"2021-06-03T11:54:08.726Z","versionId":"1","labels":{"deployment-tool":"cli-firebase"},"sourceUploadUrl":"https://storage.googleapis.com/gcf-upload-us-central1-9eab85f4-1091-4919-ad8e-f9dc1db34030/68537230-50ae-455c-8140-da3f68b13d88.zip?GoogleAccessId=service-669833080773@gcf-admin-robot.iam.gserviceaccount.com&Expires=1634670079&Signature=Yy1lXgMAMSUWWhibsnSVuDJtSzszcP8KTqXy6BEafEdD%2BmBsBU0RozCjruwYDE69IJYlY%2FSCYvuK7GnxDQ6uU30H5cU%2FEI104hwR26xHZeKCKgfBTIb12ISArwJ96X5Pa9AXOC49P2fa8iNOqfn38Z5z7aSA9%2BM%2FCGtG5YfNgwmk8R3pG4W%2Fdc5Mtre7et9Slay1e4atVX9TcBdlxzopoypyD7MjH4COARBklTlUtFDlmTIG6R1d6pkkNRYhlNnCrohevA4gKTP1bcbzzg1xEhtRahuhEVRGdqEW2xuD28K52yF%2FOcG6KqFpOcuNQpt2MRFfNfIMYx1o35fU4BWgIw%3D%3D","environmentVariables":{"FIREBASE_CONFIG":"{\"projectId\":\"mobile-app-2e4bb\",\"storageBucket\":\"mobile-app-2e4bb.appspot.com\"}","GCLOUD_PROJECT":"mobile-app-2e4bb"},"runtime":"nodejs12","ingressSettings":"ALLOW_ALL","buildId":"e900ad03-2c34-4c06-9fc7-ac53c3de2bee","buildName":"projects/669833080773/locations/us-central1/builds/e900ad03-2c34-4c06-9fc7-ac53c3de2bee"},"versionId":"19","updateTime":"2021-10-19T18:31:22Z","buildId":"f277842b-1205-43bf-8ac8-c99111d8b779","buildName":"projects/669833080773/locations/us-central1/builds/f277842b-1205-43bf-8ac8-c99111d8b779"}}
[debug] [2021-10-19T18:31:40.445Z] [update-projects/mobile-app-2e4bb/locations/us-central1/functions/geocode] Retrying task index 0
[debug] [2021-10-19T18:31:40.446Z] >>> [apiv2][query] GET https://cloudfunctions.googleapis.com/v1/operations/bW9iaWxlLWFwcC0yZTRiYi91cy1jZW50cmFsMS9nZW9jb2RlL29iWWhYaUxud3U4 [none]
[debug] [2021-10-19T18:31:40.973Z] <<< [apiv2][status] GET https://cloudfunctions.googleapis.com/v1/operations/bW9iaWxlLWFwcC0yZTRiYi91cy1jZW50cmFsMS9nZW9jb2RlL29iWWhYaUxud3U4 200
[debug] [2021-10-19T18:31:40.974Z] <<< [apiv2][body] GET https://cloudfunctions.googleapis.com/v1/operations/bW9iaWxlLWFwcC0yZTRiYi91cy1jZW50cmFsMS9nZW9jb2RlL29iWWhYaUxud3U4 {"name":"operations/bW9iaWxlLWFwcC0yZTRiYi91cy1jZW50cmFsMS9nZW9jb2RlL29iWWhYaUxud3U4","metadata":{"@type":"type.googleapis.com/google.cloud.functions.v1.OperationMetadataV1","target":"projects/mobile-app-2e4bb/locations/us-central1/functions/geocode","type":"UPDATE_FUNCTION","request":{"@type":"type.googleapis.com/google.cloud.functions.v1.CloudFunction","name":"projects/mobile-app-2e4bb/locations/us-central1/functions/geocode","httpsTrigger":{},"status":"ACTIVE","entryPoint":"geocode","timeout":"60s","availableMemoryMb":256,"serviceAccountEmail":"mobile-app-2e4bb@appspot.gserviceaccount.com","updateTime":"2021-06-03T11:54:08.726Z","versionId":"1","labels":{"deployment-tool":"cli-firebase"},"sourceUploadUrl":"https://storage.googleapis.com/gcf-upload-us-central1-9eab85f4-1091-4919-ad8e-f9dc1db34030/68537230-50ae-455c-8140-da3f68b13d88.zip?GoogleAccessId=service-669833080773@gcf-admin-robot.iam.gserviceaccount.com&Expires=1634670079&Signature=Yy1lXgMAMSUWWhibsnSVuDJtSzszcP8KTqXy6BEafEdD%2BmBsBU0RozCjruwYDE69IJYlY%2FSCYvuK7GnxDQ6uU30H5cU%2FEI104hwR26xHZeKCKgfBTIb12ISArwJ96X5Pa9AXOC49P2fa8iNOqfn38Z5z7aSA9%2BM%2FCGtG5YfNgwmk8R3pG4W%2Fdc5Mtre7et9Slay1e4atVX9TcBdlxzopoypyD7MjH4COARBklTlUtFDlmTIG6R1d6pkkNRYhlNnCrohevA4gKTP1bcbzzg1xEhtRahuhEVRGdqEW2xuD28K52yF%2FOcG6KqFpOcuNQpt2MRFfNfIMYx1o35fU4BWgIw%3D%3D","environmentVariables":{"FIREBASE_CONFIG":"{\"projectId\":\"mobile-app-2e4bb\",\"storageBucket\":\"mobile-app-2e4bb.appspot.com\"}","GCLOUD_PROJECT":"mobile-app-2e4bb"},"runtime":"nodejs12","ingressSettings":"ALLOW_ALL","buildId":"e900ad03-2c34-4c06-9fc7-ac53c3de2bee","buildName":"projects/669833080773/locations/us-central1/builds/e900ad03-2c34-4c06-9fc7-ac53c3de2bee"},"versionId":"19","updateTime":"2021-10-19T18:31:22Z","buildId":"f277842b-1205-43bf-8ac8-c99111d8b779","buildName":"projects/669833080773/locations/us-central1/builds/f277842b-1205-43bf-8ac8-c99111d8b779"}}
[debug] [2021-10-19T18:31:56.979Z] [update-projects/mobile-app-2e4bb/locations/us-central1/functions/geocode] Retrying task index 0
[debug] [2021-10-19T18:31:56.981Z] >>> [apiv2][query] GET https://cloudfunctions.googleapis.com/v1/operations/bW9iaWxlLWFwcC0yZTRiYi91cy1jZW50cmFsMS9nZW9jb2RlL29iWWhYaUxud3U4 [none]
[debug] [2021-10-19T18:31:57.423Z] <<< [apiv2][status] GET https://cloudfunctions.googleapis.com/v1/operations/bW9iaWxlLWFwcC0yZTRiYi91cy1jZW50cmFsMS9nZW9jb2RlL29iWWhYaUxud3U4 200
[debug] [2021-10-19T18:31:57.423Z] <<< [apiv2][body] GET https://cloudfunctions.googleapis.com/v1/operations/bW9iaWxlLWFwcC0yZTRiYi91cy1jZW50cmFsMS9nZW9jb2RlL29iWWhYaUxud3U4 {"name":"operations/bW9iaWxlLWFwcC0yZTRiYi91cy1jZW50cmFsMS9nZW9jb2RlL29iWWhYaUxud3U4","metadata":{"@type":"type.googleapis.com/google.cloud.functions.v1.OperationMetadataV1","target":"projects/mobile-app-2e4bb/locations/us-central1/functions/geocode","type":"UPDATE_FUNCTION","request":{"@type":"type.googleapis.com/google.cloud.functions.v1.CloudFunction","name":"projects/mobile-app-2e4bb/locations/us-central1/functions/geocode","httpsTrigger":{},"status":"ACTIVE","entryPoint":"geocode","timeout":"60s","availableMemoryMb":256,"serviceAccountEmail":"mobile-app-2e4bb@appspot.gserviceaccount.com","updateTime":"2021-06-03T11:54:08.726Z","versionId":"1","labels":{"deployment-tool":"cli-firebase"},"sourceUploadUrl":"https://storage.googleapis.com/gcf-upload-us-central1-9eab85f4-1091-4919-ad8e-f9dc1db34030/68537230-50ae-455c-8140-da3f68b13d88.zip?GoogleAccessId=service-669833080773@gcf-admin-robot.iam.gserviceaccount.com&Expires=1634670079&Signature=Yy1lXgMAMSUWWhibsnSVuDJtSzszcP8KTqXy6BEafEdD%2BmBsBU0RozCjruwYDE69IJYlY%2FSCYvuK7GnxDQ6uU30H5cU%2FEI104hwR26xHZeKCKgfBTIb12ISArwJ96X5Pa9AXOC49P2fa8iNOqfn38Z5z7aSA9%2BM%2FCGtG5YfNgwmk8R3pG4W%2Fdc5Mtre7et9Slay1e4atVX9TcBdlxzopoypyD7MjH4COARBklTlUtFDlmTIG6R1d6pkkNRYhlNnCrohevA4gKTP1bcbzzg1xEhtRahuhEVRGdqEW2xuD28K52yF%2FOcG6KqFpOcuNQpt2MRFfNfIMYx1o35fU4BWgIw%3D%3D","environmentVariables":{"FIREBASE_CONFIG":"{\"projectId\":\"mobile-app-2e4bb\",\"storageBucket\":\"mobile-app-2e4bb.appspot.com\"}","GCLOUD_PROJECT":"mobile-app-2e4bb"},"runtime":"nodejs12","ingressSettings":"ALLOW_ALL","buildId":"e900ad03-2c34-4c06-9fc7-ac53c3de2bee","buildName":"projects/669833080773/locations/us-central1/builds/e900ad03-2c34-4c06-9fc7-ac53c3de2bee"},"versionId":"19","updateTime":"2021-10-19T18:31:22Z","buildId":"f277842b-1205-43bf-8ac8-c99111d8b779","buildName":"projects/669833080773/locations/us-central1/builds/f277842b-1205-43bf-8ac8-c99111d8b779"}}
[debug] [2021-10-19T18:32:29.429Z] [update-projects/mobile-app-2e4bb/locations/us-central1/functions/geocode] Retrying task index 0
[debug] [2021-10-19T18:32:29.430Z] >>> [apiv2][query] GET https://cloudfunctions.googleapis.com/v1/operations/bW9iaWxlLWFwcC0yZTRiYi91cy1jZW50cmFsMS9nZW9jb2RlL29iWWhYaUxud3U4 [none]
[debug] [2021-10-19T18:32:31.019Z] <<< [apiv2][status] GET https://cloudfunctions.googleapis.com/v1/operations/bW9iaWxlLWFwcC0yZTRiYi91cy1jZW50cmFsMS9nZW9jb2RlL29iWWhYaUxud3U4 200
[debug] [2021-10-19T18:32:31.019Z] <<< [apiv2][body] GET https://cloudfunctions.googleapis.com/v1/operations/bW9iaWxlLWFwcC0yZTRiYi91cy1jZW50cmFsMS9nZW9jb2RlL29iWWhYaUxud3U4 {"name":"operations/bW9iaWxlLWFwcC0yZTRiYi91cy1jZW50cmFsMS9nZW9jb2RlL29iWWhYaUxud3U4","metadata":{"@type":"type.googleapis.com/google.cloud.functions.v1.OperationMetadataV1","target":"projects/mobile-app-2e4bb/locations/us-central1/functions/geocode","type":"UPDATE_FUNCTION","request":{"@type":"type.googleapis.com/google.cloud.functions.v1.CloudFunction","name":"projects/mobile-app-2e4bb/locations/us-central1/functions/geocode","httpsTrigger":{},"status":"ACTIVE","entryPoint":"geocode","timeout":"60s","availableMemoryMb":256,"serviceAccountEmail":"mobile-app-2e4bb@appspot.gserviceaccount.com","updateTime":"2021-06-03T11:54:08.726Z","versionId":"1","labels":{"deployment-tool":"cli-firebase"},"sourceUploadUrl":"https://storage.googleapis.com/gcf-upload-us-central1-9eab85f4-1091-4919-ad8e-f9dc1db34030/68537230-50ae-455c-8140-da3f68b13d88.zip?GoogleAccessId=service-669833080773@gcf-admin-robot.iam.gserviceaccount.com&Expires=1634670079&Signature=Yy1lXgMAMSUWWhibsnSVuDJtSzszcP8KTqXy6BEafEdD%2BmBsBU0RozCjruwYDE69IJYlY%2FSCYvuK7GnxDQ6uU30H5cU%2FEI104hwR26xHZeKCKgfBTIb12ISArwJ96X5Pa9AXOC49P2fa8iNOqfn38Z5z7aSA9%2BM%2FCGtG5YfNgwmk8R3pG4W%2Fdc5Mtre7et9Slay1e4atVX9TcBdlxzopoypyD7MjH4COARBklTlUtFDlmTIG6R1d6pkkNRYhlNnCrohevA4gKTP1bcbzzg1xEhtRahuhEVRGdqEW2xuD28K52yF%2FOcG6KqFpOcuNQpt2MRFfNfIMYx1o35fU4BWgIw%3D%3D","environmentVariables":{"FIREBASE_CONFIG":"{\"projectId\":\"mobile-app-2e4bb\",\"storageBucket\":\"mobile-app-2e4bb.appspot.com\"}","GCLOUD_PROJECT":"mobile-app-2e4bb"},"runtime":"nodejs12","ingressSettings":"ALLOW_ALL","buildId":"e900ad03-2c34-4c06-9fc7-ac53c3de2bee","buildName":"projects/669833080773/locations/us-central1/builds/e900ad03-2c34-4c06-9fc7-ac53c3de2bee"},"versionId":"19","updateTime":"2021-10-19T18:31:22Z","buildId":"f277842b-1205-43bf-8ac8-c99111d8b779","buildName":"projects/669833080773/locations/us-central1/builds/f277842b-1205-43bf-8ac8-c99111d8b779"}}
[debug] [2021-10-19T18:33:31.024Z] [update-projects/mobile-app-2e4bb/locations/us-central1/functions/geocode] Retrying task index 0
[debug] [2021-10-19T18:33:31.025Z] >>> [apiv2][query] GET https://cloudfunctions.googleapis.com/v1/operations/bW9iaWxlLWFwcC0yZTRiYi91cy1jZW50cmFsMS9nZW9jb2RlL29iWWhYaUxud3U4 [none]
[debug] [2021-10-19T18:33:31.490Z] <<< [apiv2][status] GET https://cloudfunctions.googleapis.com/v1/operations/bW9iaWxlLWFwcC0yZTRiYi91cy1jZW50cmFsMS9nZW9jb2RlL29iWWhYaUxud3U4 200
[debug] [2021-10-19T18:33:31.491Z] <<< [apiv2][body] GET https://cloudfunctions.googleapis.com/v1/operations/bW9iaWxlLWFwcC0yZTRiYi91cy1jZW50cmFsMS9nZW9jb2RlL29iWWhYaUxud3U4 {"name":"operations/bW9iaWxlLWFwcC0yZTRiYi91cy1jZW50cmFsMS9nZW9jb2RlL29iWWhYaUxud3U4","metadata":{"@type":"type.googleapis.com/google.cloud.functions.v1.OperationMetadataV1","target":"projects/mobile-app-2e4bb/locations/us-central1/functions/geocode","type":"UPDATE_FUNCTION","request":{"@type":"type.googleapis.com/google.cloud.functions.v1.CloudFunction","name":"projects/mobile-app-2e4bb/locations/us-central1/functions/geocode","httpsTrigger":{},"status":"ACTIVE","entryPoint":"geocode","timeout":"60s","availableMemoryMb":256,"serviceAccountEmail":"mobile-app-2e4bb@appspot.gserviceaccount.com","updateTime":"2021-06-03T11:54:08.726Z","versionId":"1","labels":{"deployment-tool":"cli-firebase"},"sourceUploadUrl":"https://storage.googleapis.com/gcf-upload-us-central1-9eab85f4-1091-4919-ad8e-f9dc1db34030/68537230-50ae-455c-8140-da3f68b13d88.zip?GoogleAccessId=service-669833080773@gcf-admin-robot.iam.gserviceaccount.com&Expires=1634670079&Signature=Yy1lXgMAMSUWWhibsnSVuDJtSzszcP8KTqXy6BEafEdD%2BmBsBU0RozCjruwYDE69IJYlY%2FSCYvuK7GnxDQ6uU30H5cU%2FEI104hwR26xHZeKCKgfBTIb12ISArwJ96X5Pa9AXOC49P2fa8iNOqfn38Z5z7aSA9%2BM%2FCGtG5YfNgwmk8R3pG4W%2Fdc5Mtre7et9Slay1e4atVX9TcBdlxzopoypyD7MjH4COARBklTlUtFDlmTIG6R1d6pkkNRYhlNnCrohevA4gKTP1bcbzzg1xEhtRahuhEVRGdqEW2xuD28K52yF%2FOcG6KqFpOcuNQpt2MRFfNfIMYx1o35fU4BWgIw%3D%3D","environmentVariables":{"FIREBASE_CONFIG":"{\"projectId\":\"mobile-app-2e4bb\",\"storageBucket\":\"mobile-app-2e4bb.appspot.com\"}","GCLOUD_PROJECT":"mobile-app-2e4bb"},"runtime":"nodejs12","ingressSettings":"ALLOW_ALL","buildId":"e900ad03-2c34-4c06-9fc7-ac53c3de2bee","buildName":"projects/669833080773/locations/us-central1/builds/e900ad03-2c34-4c06-9fc7-ac53c3de2bee"},"versionId":"19","updateTime":"2021-10-19T18:33:28Z","buildId":"f277842b-1205-43bf-8ac8-c99111d8b779","sourceToken":"98ca19f5-9cbc-4ae2-8b44-06570182f76e","buildName":"projects/669833080773/locations/us-central1/builds/f277842b-1205-43bf-8ac8-c99111d8b779"},"done":true,"error":{"code":3,"message":"Function failed on loading user code. This is likely due to a bug in the user code. Error message: Error: please examine your function logs to see the error cause: https://cloud.google.com/functions/docs/monitoring/logging#viewing_logs. Additional troubleshooting documentation can be found at https://cloud.google.com/functions/docs/troubleshooting#logging. Please visit https://cloud.google.com/functions/docs/troubleshooting for in-depth troubleshooting documentation."}}
[debug] [2021-10-19T18:33:31.491Z] Got sourceToken 98ca19f5-9cbc-4ae2-8b44-06570182f76e for region us-central1
[info] i  functions: updating Node.js 12 function placesNearby(us-central1)... 
[debug] [2021-10-19T18:33:31.497Z] > refreshing access token with scopes: ["email","https://www.googleapis.com/auth/cloud-platform","https://www.googleapis.com/auth/cloudplatformprojects.readonly","https://www.googleapis.com/auth/firebase","openid"]
[debug] [2021-10-19T18:33:31.497Z] >>> HTTP REQUEST POST https://www.googleapis.com/oauth2/v3/token  
 <request body omitted>
[debug] [2021-10-19T18:33:31.865Z] <<< HTTP RESPONSE 200 {"pragma":"no-cache","date":"Tue, 19 Oct 2021 18:33:31 GMT","cache-control":"no-cache, no-store, max-age=0, must-revalidate","expires":"Mon, 01 Jan 1990 00:00:00 GMT","content-type":"application/json; charset=utf-8","vary":"X-Origin, Referer, Origin,Accept-Encoding","server":"scaffolding on HTTPServer2","x-xss-protection":"0","x-frame-options":"SAMEORIGIN","x-content-type-options":"nosniff","alt-svc":"h3=\":443\"; ma=2592000,h3-29=\":443\"; ma=2592000,h3-T051=\":443\"; ma=2592000,h3-Q050=\":443\"; ma=2592000,h3-Q046=\":443\"; ma=2592000,h3-Q043=\":443\"; ma=2592000,quic=\":443\"; ma=2592000; v=\"46,43\"","accept-ranges":"none","transfer-encoding":"chunked"}
[debug] [2021-10-19T18:33:31.987Z] >>> HTTP REQUEST PATCH https://cloudfunctions.googleapis.com/v1/projects/mobile-app-2e4bb/locations/us-central1/functions/placesNearby {"updateMask":"name,sourceUploadUrl,entryPoint,runtime,httpsTrigger,labels,environmentVariables,sourceToken"} 
 {"name":"projects/mobile-app-2e4bb/locations/us-central1/functions/placesNearby","sourceUploadUrl":"https://storage.googleapis.com/gcf-upload-us-central1-9eab85f4-1091-4919-ad8e-f9dc1db34030/68537230-50ae-455c-8140-da3f68b13d88.zip?GoogleAccessId=service-669833080773@gcf-admin-robot.iam.gserviceaccount.com&Expires=1634670079&Signature=Yy1lXgMAMSUWWhibsnSVuDJtSzszcP8KTqXy6BEafEdD%2BmBsBU0RozCjruwYDE69IJYlY%2FSCYvuK7GnxDQ6uU30H5cU%2FEI104hwR26xHZeKCKgfBTIb12ISArwJ96X5Pa9AXOC49P2fa8iNOqfn38Z5z7aSA9%2BM%2FCGtG5YfNgwmk8R3pG4W%2Fdc5Mtre7et9Slay1e4atVX9TcBdlxzopoypyD7MjH4COARBklTlUtFDlmTIG6R1d6pkkNRYhlNnCrohevA4gKTP1bcbzzg1xEhtRahuhEVRGdqEW2xuD28K52yF%2FOcG6KqFpOcuNQpt2MRFfNfIMYx1o35fU4BWgIw%3D%3D","entryPoint":"placesNearby","runtime":"nodejs12","httpsTrigger":{},"labels":{"deployment-tool":"cli-firebase"},"environmentVariables":{"FIREBASE_CONFIG":"{\"projectId\":\"mobile-app-2e4bb\",\"storageBucket\":\"mobile-app-2e4bb.appspot.com\"}","GCLOUD_PROJECT":"mobile-app-2e4bb"},"sourceToken":"98ca19f5-9cbc-4ae2-8b44-06570182f76e"}
[debug] [2021-10-19T18:33:32.791Z] <<< HTTP RESPONSE 200 {"content-type":"application/json; charset=UTF-8","vary":"X-Origin, Referer, Origin,Accept-Encoding","date":"Tue, 19 Oct 2021 18:33:32 GMT","server":"ESF","cache-control":"private","x-xss-protection":"0","x-frame-options":"SAMEORIGIN","x-content-type-options":"nosniff","alt-svc":"h3=\":443\"; ma=2592000,h3-29=\":443\"; ma=2592000,h3-T051=\":443\"; ma=2592000,h3-Q050=\":443\"; ma=2592000,h3-Q046=\":443\"; ma=2592000,h3-Q043=\":443\"; ma=2592000,quic=\":443\"; ma=2592000; v=\"46,43\"","accept-ranges":"none","transfer-encoding":"chunked"}
[debug] [2021-10-19T18:33:32.792Z] > refreshing access token with scopes: []
[debug] [2021-10-19T18:33:32.792Z] >>> HTTP REQUEST POST https://www.googleapis.com/oauth2/v3/token  
 <request body omitted>
[debug] [2021-10-19T18:33:33.297Z] <<< HTTP RESPONSE 200 {"pragma":"no-cache","expires":"Mon, 01 Jan 1990 00:00:00 GMT","date":"Tue, 19 Oct 2021 18:33:33 GMT","cache-control":"no-cache, no-store, max-age=0, must-revalidate","content-type":"application/json; charset=utf-8","vary":"X-Origin, Referer, Origin,Accept-Encoding","server":"scaffolding on HTTPServer2","x-xss-protection":"0","x-frame-options":"SAMEORIGIN","x-content-type-options":"nosniff","alt-svc":"h3=\":443\"; ma=2592000,h3-29=\":443\"; ma=2592000,h3-T051=\":443\"; ma=2592000,h3-Q050=\":443\"; ma=2592000,h3-Q046=\":443\"; ma=2592000,h3-Q043=\":443\"; ma=2592000,quic=\":443\"; ma=2592000; v=\"46,43\"","accept-ranges":"none","transfer-encoding":"chunked"}
[debug] [2021-10-19T18:33:33.350Z] >>> [apiv2][query] GET https://cloudfunctions.googleapis.com/v1/operations/bW9iaWxlLWFwcC0yZTRiYi91cy1jZW50cmFsMS9wbGFjZXNOZWFyYnkvQ0tlb00tV2RKY0k [none]
[debug] [2021-10-19T18:33:34.327Z] <<< [apiv2][status] GET https://cloudfunctions.googleapis.com/v1/operations/bW9iaWxlLWFwcC0yZTRiYi91cy1jZW50cmFsMS9wbGFjZXNOZWFyYnkvQ0tlb00tV2RKY0k 200
[debug] [2021-10-19T18:33:34.328Z] <<< [apiv2][body] GET https://cloudfunctions.googleapis.com/v1/operations/bW9iaWxlLWFwcC0yZTRiYi91cy1jZW50cmFsMS9wbGFjZXNOZWFyYnkvQ0tlb00tV2RKY0k {"name":"operations/bW9iaWxlLWFwcC0yZTRiYi91cy1jZW50cmFsMS9wbGFjZXNOZWFyYnkvQ0tlb00tV2RKY0k","metadata":{"@type":"type.googleapis.com/google.cloud.functions.v1.OperationMetadataV1","target":"projects/mobile-app-2e4bb/locations/us-central1/functions/placesNearby","type":"UPDATE_FUNCTION","request":{"@type":"type.googleapis.com/google.cloud.functions.v1.CloudFunction","name":"projects/mobile-app-2e4bb/locations/us-central1/functions/placesNearby","httpsTrigger":{},"status":"ACTIVE","entryPoint":"placesNearby","timeout":"60s","availableMemoryMb":256,"serviceAccountEmail":"mobile-app-2e4bb@appspot.gserviceaccount.com","updateTime":"2021-06-03T11:54:56.553Z","versionId":"1","labels":{"deployment-tool":"cli-firebase"},"sourceUploadUrl":"https://storage.googleapis.com/gcf-upload-us-central1-9eab85f4-1091-4919-ad8e-f9dc1db34030/68537230-50ae-455c-8140-da3f68b13d88.zip?GoogleAccessId=service-669833080773@gcf-admin-robot.iam.gserviceaccount.com&Expires=1634670079&Signature=Yy1lXgMAMSUWWhibsnSVuDJtSzszcP8KTqXy6BEafEdD%2BmBsBU0RozCjruwYDE69IJYlY%2FSCYvuK7GnxDQ6uU30H5cU%2FEI104hwR26xHZeKCKgfBTIb12ISArwJ96X5Pa9AXOC49P2fa8iNOqfn38Z5z7aSA9%2BM%2FCGtG5YfNgwmk8R3pG4W%2Fdc5Mtre7et9Slay1e4atVX9TcBdlxzopoypyD7MjH4COARBklTlUtFDlmTIG6R1d6pkkNRYhlNnCrohevA4gKTP1bcbzzg1xEhtRahuhEVRGdqEW2xuD28K52yF%2FOcG6KqFpOcuNQpt2MRFfNfIMYx1o35fU4BWgIw%3D%3D","environmentVariables":{"FIREBASE_CONFIG":"{\"projectId\":\"mobile-app-2e4bb\",\"storageBucket\":\"mobile-app-2e4bb.appspot.com\"}","GCLOUD_PROJECT":"mobile-app-2e4bb"},"runtime":"nodejs12","ingressSettings":"ALLOW_ALL","buildId":"e900ad03-2c34-4c06-9fc7-ac53c3de2bee","sourceToken":"98ca19f5-9cbc-4ae2-8b44-06570182f76e","buildName":"projects/669833080773/locations/us-central1/builds/e900ad03-2c34-4c06-9fc7-ac53c3de2bee"},"versionId":"17","updateTime":"2021-10-19T18:33:32Z","sourceToken":"98ca19f5-9cbc-4ae2-8b44-06570182f76e","buildName":"projects/669833080773/locations/us-central1/builds/e900ad03-2c34-4c06-9fc7-ac53c3de2bee"}}
[debug] [2021-10-19T18:33:34.328Z] Got sourceToken 98ca19f5-9cbc-4ae2-8b44-06570182f76e for region us-central1
[debug] [2021-10-19T18:33:34.830Z] [update-projects/mobile-app-2e4bb/locations/us-central1/functions/placesNearby] Retrying task index 0
[debug] [2021-10-19T18:33:34.831Z] >>> [apiv2][query] GET https://cloudfunctions.googleapis.com/v1/operations/bW9iaWxlLWFwcC0yZTRiYi91cy1jZW50cmFsMS9wbGFjZXNOZWFyYnkvQ0tlb00tV2RKY0k [none]
[debug] [2021-10-19T18:33:35.546Z] <<< [apiv2][status] GET https://cloudfunctions.googleapis.com/v1/operations/bW9iaWxlLWFwcC0yZTRiYi91cy1jZW50cmFsMS9wbGFjZXNOZWFyYnkvQ0tlb00tV2RKY0k 200
[debug] [2021-10-19T18:33:35.547Z] <<< [apiv2][body] GET https://cloudfunctions.googleapis.com/v1/operations/bW9iaWxlLWFwcC0yZTRiYi91cy1jZW50cmFsMS9wbGFjZXNOZWFyYnkvQ0tlb00tV2RKY0k {"name":"operations/bW9iaWxlLWFwcC0yZTRiYi91cy1jZW50cmFsMS9wbGFjZXNOZWFyYnkvQ0tlb00tV2RKY0k","metadata":{"@type":"type.googleapis.com/google.cloud.functions.v1.OperationMetadataV1","target":"projects/mobile-app-2e4bb/locations/us-central1/functions/placesNearby","type":"UPDATE_FUNCTION","request":{"@type":"type.googleapis.com/google.cloud.functions.v1.CloudFunction","name":"projects/mobile-app-2e4bb/locations/us-central1/functions/placesNearby","httpsTrigger":{},"status":"ACTIVE","entryPoint":"placesNearby","timeout":"60s","availableMemoryMb":256,"serviceAccountEmail":"mobile-app-2e4bb@appspot.gserviceaccount.com","updateTime":"2021-06-03T11:54:56.553Z","versionId":"1","labels":{"deployment-tool":"cli-firebase"},"sourceUploadUrl":"https://storage.googleapis.com/gcf-upload-us-central1-9eab85f4-1091-4919-ad8e-f9dc1db34030/68537230-50ae-455c-8140-da3f68b13d88.zip?GoogleAccessId=service-669833080773@gcf-admin-robot.iam.gserviceaccount.com&Expires=1634670079&Signature=Yy1lXgMAMSUWWhibsnSVuDJtSzszcP8KTqXy6BEafEdD%2BmBsBU0RozCjruwYDE69IJYlY%2FSCYvuK7GnxDQ6uU30H5cU%2FEI104hwR26xHZeKCKgfBTIb12ISArwJ96X5Pa9AXOC49P2fa8iNOqfn38Z5z7aSA9%2BM%2FCGtG5YfNgwmk8R3pG4W%2Fdc5Mtre7et9Slay1e4atVX9TcBdlxzopoypyD7MjH4COARBklTlUtFDlmTIG6R1d6pkkNRYhlNnCrohevA4gKTP1bcbzzg1xEhtRahuhEVRGdqEW2xuD28K52yF%2FOcG6KqFpOcuNQpt2MRFfNfIMYx1o35fU4BWgIw%3D%3D","environmentVariables":{"FIREBASE_CONFIG":"{\"projectId\":\"mobile-app-2e4bb\",\"storageBucket\":\"mobile-app-2e4bb.appspot.com\"}","GCLOUD_PROJECT":"mobile-app-2e4bb"},"runtime":"nodejs12","ingressSettings":"ALLOW_ALL","buildId":"e900ad03-2c34-4c06-9fc7-ac53c3de2bee","sourceToken":"98ca19f5-9cbc-4ae2-8b44-06570182f76e","buildName":"projects/669833080773/locations/us-central1/builds/e900ad03-2c34-4c06-9fc7-ac53c3de2bee"},"versionId":"17","updateTime":"2021-10-19T18:33:32Z","buildId":"f277842b-1205-43bf-8ac8-c99111d8b779","sourceToken":"98ca19f5-9cbc-4ae2-8b44-06570182f76e","buildName":"projects/669833080773/locations/us-central1/builds/f277842b-1205-43bf-8ac8-c99111d8b779"}}
[debug] [2021-10-19T18:33:35.547Z] Got sourceToken 98ca19f5-9cbc-4ae2-8b44-06570182f76e for region us-central1
[debug] [2021-10-19T18:33:36.553Z] [update-projects/mobile-app-2e4bb/locations/us-central1/functions/placesNearby] Retrying task index 0
[debug] [2021-10-19T18:33:36.554Z] >>> [apiv2][query] GET https://cloudfunctions.googleapis.com/v1/operations/bW9iaWxlLWFwcC0yZTRiYi91cy1jZW50cmFsMS9wbGFjZXNOZWFyYnkvQ0tlb00tV2RKY0k [none]
[debug] [2021-10-19T18:33:37.061Z] <<< [apiv2][status] GET https://cloudfunctions.googleapis.com/v1/operations/bW9iaWxlLWFwcC0yZTRiYi91cy1jZW50cmFsMS9wbGFjZXNOZWFyYnkvQ0tlb00tV2RKY0k 200
[debug] [2021-10-19T18:33:37.061Z] <<< [apiv2][body] GET https://cloudfunctions.googleapis.com/v1/operations/bW9iaWxlLWFwcC0yZTRiYi91cy1jZW50cmFsMS9wbGFjZXNOZWFyYnkvQ0tlb00tV2RKY0k {"name":"operations/bW9iaWxlLWFwcC0yZTRiYi91cy1jZW50cmFsMS9wbGFjZXNOZWFyYnkvQ0tlb00tV2RKY0k","metadata":{"@type":"type.googleapis.com/google.cloud.functions.v1.OperationMetadataV1","target":"projects/mobile-app-2e4bb/locations/us-central1/functions/placesNearby","type":"UPDATE_FUNCTION","request":{"@type":"type.googleapis.com/google.cloud.functions.v1.CloudFunction","name":"projects/mobile-app-2e4bb/locations/us-central1/functions/placesNearby","httpsTrigger":{},"status":"ACTIVE","entryPoint":"placesNearby","timeout":"60s","availableMemoryMb":256,"serviceAccountEmail":"mobile-app-2e4bb@appspot.gserviceaccount.com","updateTime":"2021-06-03T11:54:56.553Z","versionId":"1","labels":{"deployment-tool":"cli-firebase"},"sourceUploadUrl":"https://storage.googleapis.com/gcf-upload-us-central1-9eab85f4-1091-4919-ad8e-f9dc1db34030/68537230-50ae-455c-8140-da3f68b13d88.zip?GoogleAccessId=service-669833080773@gcf-admin-robot.iam.gserviceaccount.com&Expires=1634670079&Signature=Yy1lXgMAMSUWWhibsnSVuDJtSzszcP8KTqXy6BEafEdD%2BmBsBU0RozCjruwYDE69IJYlY%2FSCYvuK7GnxDQ6uU30H5cU%2FEI104hwR26xHZeKCKgfBTIb12ISArwJ96X5Pa9AXOC49P2fa8iNOqfn38Z5z7aSA9%2BM%2FCGtG5YfNgwmk8R3pG4W%2Fdc5Mtre7et9Slay1e4atVX9TcBdlxzopoypyD7MjH4COARBklTlUtFDlmTIG6R1d6pkkNRYhlNnCrohevA4gKTP1bcbzzg1xEhtRahuhEVRGdqEW2xuD28K52yF%2FOcG6KqFpOcuNQpt2MRFfNfIMYx1o35fU4BWgIw%3D%3D","environmentVariables":{"FIREBASE_CONFIG":"{\"projectId\":\"mobile-app-2e4bb\",\"storageBucket\":\"mobile-app-2e4bb.appspot.com\"}","GCLOUD_PROJECT":"mobile-app-2e4bb"},"runtime":"nodejs12","ingressSettings":"ALLOW_ALL","buildId":"e900ad03-2c34-4c06-9fc7-ac53c3de2bee","sourceToken":"98ca19f5-9cbc-4ae2-8b44-06570182f76e","buildName":"projects/669833080773/locations/us-central1/builds/e900ad03-2c34-4c06-9fc7-ac53c3de2bee"},"versionId":"17","updateTime":"2021-10-19T18:33:32Z","buildId":"f277842b-1205-43bf-8ac8-c99111d8b779","sourceToken":"98ca19f5-9cbc-4ae2-8b44-06570182f76e","buildName":"projects/669833080773/locations/us-central1/builds/f277842b-1205-43bf-8ac8-c99111d8b779"}}
[debug] [2021-10-19T18:33:37.062Z] Got sourceToken 98ca19f5-9cbc-4ae2-8b44-06570182f76e for region us-central1
[debug] [2021-10-19T18:33:39.066Z] [update-projects/mobile-app-2e4bb/locations/us-central1/functions/placesNearby] Retrying task index 0
[debug] [2021-10-19T18:33:39.067Z] >>> [apiv2][query] GET https://cloudfunctions.googleapis.com/v1/operations/bW9iaWxlLWFwcC0yZTRiYi91cy1jZW50cmFsMS9wbGFjZXNOZWFyYnkvQ0tlb00tV2RKY0k [none]
[debug] [2021-10-19T18:33:39.714Z] <<< [apiv2][status] GET https://cloudfunctions.googleapis.com/v1/operations/bW9iaWxlLWFwcC0yZTRiYi91cy1jZW50cmFsMS9wbGFjZXNOZWFyYnkvQ0tlb00tV2RKY0k 200
[debug] [2021-10-19T18:33:39.714Z] <<< [apiv2][body] GET https://cloudfunctions.googleapis.com/v1/operations/bW9iaWxlLWFwcC0yZTRiYi91cy1jZW50cmFsMS9wbGFjZXNOZWFyYnkvQ0tlb00tV2RKY0k {"name":"operations/bW9iaWxlLWFwcC0yZTRiYi91cy1jZW50cmFsMS9wbGFjZXNOZWFyYnkvQ0tlb00tV2RKY0k","metadata":{"@type":"type.googleapis.com/google.cloud.functions.v1.OperationMetadataV1","target":"projects/mobile-app-2e4bb/locations/us-central1/functions/placesNearby","type":"UPDATE_FUNCTION","request":{"@type":"type.googleapis.com/google.cloud.functions.v1.CloudFunction","name":"projects/mobile-app-2e4bb/locations/us-central1/functions/placesNearby","httpsTrigger":{},"status":"ACTIVE","entryPoint":"placesNearby","timeout":"60s","availableMemoryMb":256,"serviceAccountEmail":"mobile-app-2e4bb@appspot.gserviceaccount.com","updateTime":"2021-06-03T11:54:56.553Z","versionId":"1","labels":{"deployment-tool":"cli-firebase"},"sourceUploadUrl":"https://storage.googleapis.com/gcf-upload-us-central1-9eab85f4-1091-4919-ad8e-f9dc1db34030/68537230-50ae-455c-8140-da3f68b13d88.zip?GoogleAccessId=service-669833080773@gcf-admin-robot.iam.gserviceaccount.com&Expires=1634670079&Signature=Yy1lXgMAMSUWWhibsnSVuDJtSzszcP8KTqXy6BEafEdD%2BmBsBU0RozCjruwYDE69IJYlY%2FSCYvuK7GnxDQ6uU30H5cU%2FEI104hwR26xHZeKCKgfBTIb12ISArwJ96X5Pa9AXOC49P2fa8iNOqfn38Z5z7aSA9%2BM%2FCGtG5YfNgwmk8R3pG4W%2Fdc5Mtre7et9Slay1e4atVX9TcBdlxzopoypyD7MjH4COARBklTlUtFDlmTIG6R1d6pkkNRYhlNnCrohevA4gKTP1bcbzzg1xEhtRahuhEVRGdqEW2xuD28K52yF%2FOcG6KqFpOcuNQpt2MRFfNfIMYx1o35fU4BWgIw%3D%3D","environmentVariables":{"FIREBASE_CONFIG":"{\"projectId\":\"mobile-app-2e4bb\",\"storageBucket\":\"mobile-app-2e4bb.appspot.com\"}","GCLOUD_PROJECT":"mobile-app-2e4bb"},"runtime":"nodejs12","ingressSettings":"ALLOW_ALL","buildId":"e900ad03-2c34-4c06-9fc7-ac53c3de2bee","sourceToken":"98ca19f5-9cbc-4ae2-8b44-06570182f76e","buildName":"projects/669833080773/locations/us-central1/builds/e900ad03-2c34-4c06-9fc7-ac53c3de2bee"},"versionId":"17","updateTime":"2021-10-19T18:33:32Z","buildId":"f277842b-1205-43bf-8ac8-c99111d8b779","sourceToken":"98ca19f5-9cbc-4ae2-8b44-06570182f76e","buildName":"projects/669833080773/locations/us-central1/builds/f277842b-1205-43bf-8ac8-c99111d8b779"}}
[debug] [2021-10-19T18:33:39.714Z] Got sourceToken 98ca19f5-9cbc-4ae2-8b44-06570182f76e for region us-central1
[debug] [2021-10-19T18:33:43.719Z] [update-projects/mobile-app-2e4bb/locations/us-central1/functions/placesNearby] Retrying task index 0
[debug] [2021-10-19T18:33:43.721Z] >>> [apiv2][query] GET https://cloudfunctions.googleapis.com/v1/operations/bW9iaWxlLWFwcC0yZTRiYi91cy1jZW50cmFsMS9wbGFjZXNOZWFyYnkvQ0tlb00tV2RKY0k [none]
[debug] [2021-10-19T18:33:44.679Z] <<< [apiv2][status] GET https://cloudfunctions.googleapis.com/v1/operations/bW9iaWxlLWFwcC0yZTRiYi91cy1jZW50cmFsMS9wbGFjZXNOZWFyYnkvQ0tlb00tV2RKY0k 200
[debug] [2021-10-19T18:33:44.679Z] <<< [apiv2][body] GET https://cloudfunctions.googleapis.com/v1/operations/bW9iaWxlLWFwcC0yZTRiYi91cy1jZW50cmFsMS9wbGFjZXNOZWFyYnkvQ0tlb00tV2RKY0k {"name":"operations/bW9iaWxlLWFwcC0yZTRiYi91cy1jZW50cmFsMS9wbGFjZXNOZWFyYnkvQ0tlb00tV2RKY0k","metadata":{"@type":"type.googleapis.com/google.cloud.functions.v1.OperationMetadataV1","target":"projects/mobile-app-2e4bb/locations/us-central1/functions/placesNearby","type":"UPDATE_FUNCTION","request":{"@type":"type.googleapis.com/google.cloud.functions.v1.CloudFunction","name":"projects/mobile-app-2e4bb/locations/us-central1/functions/placesNearby","httpsTrigger":{},"status":"ACTIVE","entryPoint":"placesNearby","timeout":"60s","availableMemoryMb":256,"serviceAccountEmail":"mobile-app-2e4bb@appspot.gserviceaccount.com","updateTime":"2021-06-03T11:54:56.553Z","versionId":"1","labels":{"deployment-tool":"cli-firebase"},"sourceUploadUrl":"https://storage.googleapis.com/gcf-upload-us-central1-9eab85f4-1091-4919-ad8e-f9dc1db34030/68537230-50ae-455c-8140-da3f68b13d88.zip?GoogleAccessId=service-669833080773@gcf-admin-robot.iam.gserviceaccount.com&Expires=1634670079&Signature=Yy1lXgMAMSUWWhibsnSVuDJtSzszcP8KTqXy6BEafEdD%2BmBsBU0RozCjruwYDE69IJYlY%2FSCYvuK7GnxDQ6uU30H5cU%2FEI104hwR26xHZeKCKgfBTIb12ISArwJ96X5Pa9AXOC49P2fa8iNOqfn38Z5z7aSA9%2BM%2FCGtG5YfNgwmk8R3pG4W%2Fdc5Mtre7et9Slay1e4atVX9TcBdlxzopoypyD7MjH4COARBklTlUtFDlmTIG6R1d6pkkNRYhlNnCrohevA4gKTP1bcbzzg1xEhtRahuhEVRGdqEW2xuD28K52yF%2FOcG6KqFpOcuNQpt2MRFfNfIMYx1o35fU4BWgIw%3D%3D","environmentVariables":{"FIREBASE_CONFIG":"{\"projectId\":\"mobile-app-2e4bb\",\"storageBucket\":\"mobile-app-2e4bb.appspot.com\"}","GCLOUD_PROJECT":"mobile-app-2e4bb"},"runtime":"nodejs12","ingressSettings":"ALLOW_ALL","buildId":"e900ad03-2c34-4c06-9fc7-ac53c3de2bee","sourceToken":"98ca19f5-9cbc-4ae2-8b44-06570182f76e","buildName":"projects/669833080773/locations/us-central1/builds/e900ad03-2c34-4c06-9fc7-ac53c3de2bee"},"versionId":"17","updateTime":"2021-10-19T18:33:32Z","buildId":"f277842b-1205-43bf-8ac8-c99111d8b779","sourceToken":"98ca19f5-9cbc-4ae2-8b44-06570182f76e","buildName":"projects/669833080773/locations/us-central1/builds/f277842b-1205-43bf-8ac8-c99111d8b779"}}
[debug] [2021-10-19T18:33:44.679Z] Got sourceToken 98ca19f5-9cbc-4ae2-8b44-06570182f76e for region us-central1
[debug] [2021-10-19T18:33:52.684Z] [update-projects/mobile-app-2e4bb/locations/us-central1/functions/placesNearby] Retrying task index 0
[debug] [2021-10-19T18:33:52.685Z] >>> [apiv2][query] GET https://cloudfunctions.googleapis.com/v1/operations/bW9iaWxlLWFwcC0yZTRiYi91cy1jZW50cmFsMS9wbGFjZXNOZWFyYnkvQ0tlb00tV2RKY0k [none]
[debug] [2021-10-19T18:33:53.306Z] <<< [apiv2][status] GET https://cloudfunctions.googleapis.com/v1/operations/bW9iaWxlLWFwcC0yZTRiYi91cy1jZW50cmFsMS9wbGFjZXNOZWFyYnkvQ0tlb00tV2RKY0k 200
[debug] [2021-10-19T18:33:53.307Z] <<< [apiv2][body] GET https://cloudfunctions.googleapis.com/v1/operations/bW9iaWxlLWFwcC0yZTRiYi91cy1jZW50cmFsMS9wbGFjZXNOZWFyYnkvQ0tlb00tV2RKY0k {"name":"operations/bW9iaWxlLWFwcC0yZTRiYi91cy1jZW50cmFsMS9wbGFjZXNOZWFyYnkvQ0tlb00tV2RKY0k","metadata":{"@type":"type.googleapis.com/google.cloud.functions.v1.OperationMetadataV1","target":"projects/mobile-app-2e4bb/locations/us-central1/functions/placesNearby","type":"UPDATE_FUNCTION","request":{"@type":"type.googleapis.com/google.cloud.functions.v1.CloudFunction","name":"projects/mobile-app-2e4bb/locations/us-central1/functions/placesNearby","httpsTrigger":{},"status":"ACTIVE","entryPoint":"placesNearby","timeout":"60s","availableMemoryMb":256,"serviceAccountEmail":"mobile-app-2e4bb@appspot.gserviceaccount.com","updateTime":"2021-06-03T11:54:56.553Z","versionId":"1","labels":{"deployment-tool":"cli-firebase"},"sourceUploadUrl":"https://storage.googleapis.com/gcf-upload-us-central1-9eab85f4-1091-4919-ad8e-f9dc1db34030/68537230-50ae-455c-8140-da3f68b13d88.zip?GoogleAccessId=service-669833080773@gcf-admin-robot.iam.gserviceaccount.com&Expires=1634670079&Signature=Yy1lXgMAMSUWWhibsnSVuDJtSzszcP8KTqXy6BEafEdD%2BmBsBU0RozCjruwYDE69IJYlY%2FSCYvuK7GnxDQ6uU30H5cU%2FEI104hwR26xHZeKCKgfBTIb12ISArwJ96X5Pa9AXOC49P2fa8iNOqfn38Z5z7aSA9%2BM%2FCGtG5YfNgwmk8R3pG4W%2Fdc5Mtre7et9Slay1e4atVX9TcBdlxzopoypyD7MjH4COARBklTlUtFDlmTIG6R1d6pkkNRYhlNnCrohevA4gKTP1bcbzzg1xEhtRahuhEVRGdqEW2xuD28K52yF%2FOcG6KqFpOcuNQpt2MRFfNfIMYx1o35fU4BWgIw%3D%3D","environmentVariables":{"FIREBASE_CONFIG":"{\"projectId\":\"mobile-app-2e4bb\",\"storageBucket\":\"mobile-app-2e4bb.appspot.com\"}","GCLOUD_PROJECT":"mobile-app-2e4bb"},"runtime":"nodejs12","ingressSettings":"ALLOW_ALL","buildId":"e900ad03-2c34-4c06-9fc7-ac53c3de2bee","sourceToken":"98ca19f5-9cbc-4ae2-8b44-06570182f76e","buildName":"projects/669833080773/locations/us-central1/builds/e900ad03-2c34-4c06-9fc7-ac53c3de2bee"},"versionId":"17","updateTime":"2021-10-19T18:33:32Z","buildId":"f277842b-1205-43bf-8ac8-c99111d8b779","sourceToken":"98ca19f5-9cbc-4ae2-8b44-06570182f76e","buildName":"projects/669833080773/locations/us-central1/builds/f277842b-1205-43bf-8ac8-c99111d8b779"}}
[debug] [2021-10-19T18:33:53.307Z] Got sourceToken 98ca19f5-9cbc-4ae2-8b44-06570182f76e for region us-central1
[debug] [2021-10-19T18:34:01.045Z] ----------------------------------------------------------------------
[debug] [2021-10-19T18:34:01.046Z] Command:       /Users/barbaramoahamed/.nvm/versions/node/v14.17.4/bin/node /Users/barbaramoahamed/.nvm/versions/node/v14.17.4/bin/firebase deploy --only functions:placesNearby,functions:geocode
[debug] [2021-10-19T18:34:01.046Z] CLI Version:   9.20.0
[debug] [2021-10-19T18:34:01.047Z] Platform:      darwin
[debug] [2021-10-19T18:34:01.047Z] Node Version:  v14.17.4
[debug] [2021-10-19T18:34:01.048Z] Time:          Tue Oct 19 2021 21:34:01 GMT+0300 (Eastern European Summer Time)
[debug] [2021-10-19T18:34:01.048Z] ----------------------------------------------------------------------
[debug] 
[debug] [2021-10-19T18:34:01.077Z] > command requires scopes: ["email","openid","https://www.googleapis.com/auth/cloudplatformprojects.readonly","https://www.googleapis.com/auth/firebase","https://www.googleapis.com/auth/cloud-platform"]
[debug] [2021-10-19T18:34:01.077Z] > authorizing via signed-in user (bmoah001@gmail.com)
[debug] [2021-10-19T18:34:01.077Z] [iam] checking project mobile-app-2e4bb for permissions ["cloudfunctions.functions.create","cloudfunctions.functions.delete","cloudfunctions.functions.get","cloudfunctions.functions.list","cloudfunctions.functions.update","cloudfunctions.operations.get","firebase.projects.get"]
[debug] [2021-10-19T18:34:01.078Z] > refreshing access token with scopes: ["email","https://www.googleapis.com/auth/cloud-platform","https://www.googleapis.com/auth/cloudplatformprojects.readonly","https://www.googleapis.com/auth/firebase","openid"]
[debug] [2021-10-19T18:34:01.078Z] >>> HTTP REQUEST POST https://www.googleapis.com/oauth2/v3/token  
 <request body omitted>
[debug] [2021-10-19T18:34:01.386Z] <<< HTTP RESPONSE 200 {"pragma":"no-cache","date":"Tue, 19 Oct 2021 18:34:01 GMT","expires":"Mon, 01 Jan 1990 00:00:00 GMT","cache-control":"no-cache, no-store, max-age=0, must-revalidate","content-type":"application/json; charset=utf-8","vary":"X-Origin, Referer, Origin,Accept-Encoding","server":"scaffolding on HTTPServer2","x-xss-protection":"0","x-frame-options":"SAMEORIGIN","x-content-type-options":"nosniff","alt-svc":"h3=\":443\"; ma=2592000,h3-29=\":443\"; ma=2592000,h3-Q050=\":443\"; ma=2592000,h3-Q046=\":443\"; ma=2592000,h3-Q043=\":443\"; ma=2592000,quic=\":443\"; ma=2592000; v=\"46,43\"","accept-ranges":"none","transfer-encoding":"chunked"}
[debug] [2021-10-19T18:34:01.435Z] >>> HTTP REQUEST POST https://cloudresourcemanager.googleapis.com/v1/projects/mobile-app-2e4bb:testIamPermissions  
 {"permissions":["cloudfunctions.functions.create","cloudfunctions.functions.delete","cloudfunctions.functions.get","cloudfunctions.functions.list","cloudfunctions.functions.update","cloudfunctions.operations.get","firebase.projects.get"]}
[debug] [2021-10-19T18:34:02.861Z] <<< HTTP RESPONSE 200 {"content-type":"application/json; charset=UTF-8","vary":"X-Origin, Referer, Origin,Accept-Encoding","date":"Tue, 19 Oct 2021 18:34:02 GMT","server":"ESF","cache-control":"private","x-xss-protection":"0","x-frame-options":"SAMEORIGIN","x-content-type-options":"nosniff","server-timing":"gfet4t7; dur=620","alt-svc":"h3=\":443\"; ma=2592000,h3-29=\":443\"; ma=2592000,h3-T051=\":443\"; ma=2592000,h3-Q050=\":443\"; ma=2592000,h3-Q046=\":443\"; ma=2592000,h3-Q043=\":443\"; ma=2592000,quic=\":443\"; ma=2592000; v=\"46,43\"","accept-ranges":"none","transfer-encoding":"chunked"}
[debug] [2021-10-19T18:34:02.864Z] >>> HTTP REQUEST POST https://iam.googleapis.com/v1/projects/mobile-app-2e4bb/serviceAccounts/mobile-app-2e4bb@appspot.gserviceaccount.com:testIamPermissions  
 {"permissions":["iam.serviceAccounts.actAs"]}
